Start testing: Apr 15 21:37 WEST
----------------------------------------------------------
1/49 Testing: Basic.ObliMove
1/49 Test: Basic.ObliMove
Command: "/builder/build/tests/test_basic" "--gtest_filter=Basic.ObliMove" "--gtest_also_run_disabled_tests"
Directory: /builder/build/tests
"Basic.ObliMove" start time: Apr 15 21:37 WEST
Output:
----------------------------------------------------------
Building tracker with 6 total tracers.
Building profiler with 6 total tracers.
Building MaxTracker
Installing signal handler
Running main() from /builder/build/_deps/googletest-src/googletest/src/gtest_main.cc
Note: Google Test filter = Basic.ObliMove
[==========] Running 1 test from 1 test suite.
[----------] Global test environment set-up.
Installing signal handler
[----------] 1 test from Basic
[ RUN      ] Basic.ObliMove
Test size: 1
Fake mov
True mov
Test size: 2
Fake mov
True mov
Test size: 3
Fake mov
True mov
Test size: 7
Fake mov
True mov
Test size: 8
Fake mov
True mov
Test size: 9
Fake mov
True mov
Test size: 12
Fake mov
True mov
Test size: 15
Fake mov
True mov
Test size: 16
Fake mov
True mov
Test size: 17
Fake mov
True mov
Test size: 30
Fake mov
True mov
Test size: 31
Fake mov
True mov
Test size: 32
Fake mov
True mov
Test size: 33
Fake mov
True mov
Test size: 63
Fake mov
True mov
Test size: 64
Fake mov
True mov
Test size: 65
Fake mov
True mov
Test size: 127
Fake mov
True mov
Test size: 128
Fake mov
True mov
Test size: 129
Fake mov
True mov
Test size: 200
Fake mov
True mov
Test size: 256
Fake mov
True mov
Test size: 257
Fake mov
True mov
Test size: 300
Fake mov
True mov
Test size: 512
Fake mov
True mov
Test size: 513
Fake mov
True mov
Test size: 600
Fake mov
True mov
Test size: 1023
Fake mov
True mov
Test size: 1024
Fake mov
True mov
Test size: 1025
Fake mov
True mov
Test size: 2000
Fake mov
True mov
[       OK ] Basic.ObliMove (3 ms)
[----------] 1 test from Basic (3 ms total)

[----------] Global test environment tear-down
[==========] 1 test from 1 test suite ran. (3 ms total)
[  PASSED  ] 1 test.
TimeTracker::Log:
<end of output>
Test time =   0.01 sec
----------------------------------------------------------
Test Passed.
"Basic.ObliMove" end time: Apr 15 21:37 WEST
"Basic.ObliMove" time elapsed: 00:00:00
----------------------------------------------------------

2/49 Testing: Basic.ObliSwap
2/49 Test: Basic.ObliSwap
Command: "/builder/build/tests/test_basic" "--gtest_filter=Basic.ObliSwap" "--gtest_also_run_disabled_tests"
Directory: /builder/build/tests
"Basic.ObliSwap" start time: Apr 15 21:37 WEST
Output:
----------------------------------------------------------
Building tracker with 6 total tracers.
Building profiler with 6 total tracers.
Building MaxTracker
Installing signal handler
Running main() from /builder/build/_deps/googletest-src/googletest/src/gtest_main.cc
Note: Google Test filter = Basic.ObliSwap
[==========] Running 1 test from 1 test suite.
[----------] Global test environment set-up.
Installing signal handler
[----------] 1 test from Basic
[ RUN      ] Basic.ObliSwap
Test size: 1
Fake swap
True swap
Test size: 2
Fake swap
True swap
Test size: 3
Fake swap
True swap
Test size: 7
Fake swap
True swap
Test size: 8
Fake swap
True swap
Test size: 9
Fake swap
True swap
Test size: 12
Fake swap
True swap
Test size: 15
Fake swap
True swap
Test size: 16
Fake swap
True swap
Test size: 17
Fake swap
True swap
Test size: 30
Fake swap
True swap
Test size: 31
Fake swap
True swap
Test size: 32
Fake swap
True swap
Test size: 33
Fake swap
True swap
Test size: 63
Fake swap
True swap
Test size: 64
Fake swap
True swap
Test size: 65
Fake swap
True swap
Test size: 127
Fake swap
True swap
Test size: 128
Fake swap
True swap
Test size: 129
Fake swap
True swap
Test size: 200
Fake swap
True swap
Test size: 256
Fake swap
True swap
Test size: 257
Fake swap
True swap
Test size: 300
Fake swap
True swap
Test size: 512
Fake swap
True swap
Test size: 513
Fake swap
True swap
Test size: 600
Fake swap
True swap
Test size: 1023
Fake swap
True swap
Test size: 1024
Fake swap
True swap
Test size: 1025
Fake swap
True swap
Test size: 2000
Fake swap
True swap
[       OK ] Basic.ObliSwap (3 ms)
[----------] 1 test from Basic (3 ms total)

[----------] Global test environment tear-down
[==========] 1 test from 1 test suite ran. (3 ms total)
[  PASSED  ] 1 test.
TimeTracker::Log:
<end of output>
Test time =   0.01 sec
----------------------------------------------------------
Test Passed.
"Basic.ObliSwap" end time: Apr 15 21:37 WEST
"Basic.ObliSwap" time elapsed: 00:00:00
----------------------------------------------------------

3/49 Testing: Basic.ObliCheckEq
3/49 Test: Basic.ObliCheckEq
Command: "/builder/build/tests/test_basic" "--gtest_filter=Basic.ObliCheckEq" "--gtest_also_run_disabled_tests"
Directory: /builder/build/tests
"Basic.ObliCheckEq" start time: Apr 15 21:37 WEST
Output:
----------------------------------------------------------
Building tracker with 6 total tracers.
Building profiler with 6 total tracers.
Building MaxTracker
Installing signal handler
Running main() from /builder/build/_deps/googletest-src/googletest/src/gtest_main.cc
Note: Google Test filter = Basic.ObliCheckEq
[==========] Running 1 test from 1 test suite.
[----------] Global test environment set-up.
Installing signal handler
[----------] 1 test from Basic
[ RUN      ] Basic.ObliCheckEq
Test size: 1
Test size: 2
Test size: 3
Test size: 7
Test size: 8
Test size: 9
Test size: 12
Test size: 15
Test size: 16
Test size: 17
Test size: 30
Test size: 31
Test size: 32
Test size: 33
Test size: 63
Test size: 64
Test size: 65
Test size: 127
Test size: 128
Test size: 129
Test size: 200
Test size: 256
Test size: 257
Test size: 300
Test size: 512
Test size: 513
Test size: 600
Test size: 1023
Test size: 1024
Test size: 1025
Test size: 2000
[       OK ] Basic.ObliCheckEq (12149 ms)
[----------] 1 test from Basic (12149 ms total)

[----------] Global test environment tear-down
[==========] 1 test from 1 test suite ran. (12149 ms total)
[  PASSED  ] 1 test.
TimeTracker::Log:
<end of output>
Test time =  12.16 sec
----------------------------------------------------------
Test Passed.
"Basic.ObliCheckEq" end time: Apr 15 21:37 WEST
"Basic.ObliCheckEq" time elapsed: 00:00:12
----------------------------------------------------------

4/49 Testing: Basic.ObliCheckLess
4/49 Test: Basic.ObliCheckLess
Command: "/builder/build/tests/test_basic" "--gtest_filter=Basic.ObliCheckLess" "--gtest_also_run_disabled_tests"
Directory: /builder/build/tests
"Basic.ObliCheckLess" start time: Apr 15 21:37 WEST
Output:
----------------------------------------------------------
Building tracker with 6 total tracers.
Building profiler with 6 total tracers.
Building MaxTracker
Installing signal handler
Running main() from /builder/build/_deps/googletest-src/googletest/src/gtest_main.cc
Note: Google Test filter = Basic.ObliCheckLess
[==========] Running 1 test from 1 test suite.
[----------] Global test environment set-up.
Installing signal handler
[----------] 1 test from Basic
[ RUN      ] Basic.ObliCheckLess
Test size: 1
Test size: 2
Test size: 3
Test size: 7
Test size: 8
Test size: 9
Test size: 12
Test size: 15
Test size: 16
Test size: 17
Test size: 30
Test size: 31
Test size: 32
Test size: 33
Test size: 63
Test size: 64
Test size: 65
Test size: 127
Test size: 128
Test size: 129
Test size: 200
Test size: 256
Test size: 257
Test size: 300
Test size: 512
Test size: 513
Test size: 600
Test size: 1023
Test size: 1024
Test size: 1025
Test size: 2000
[       OK ] Basic.ObliCheckLess (10405 ms)
[----------] 1 test from Basic (10405 ms total)

[----------] Global test environment tear-down
[==========] 1 test from 1 test suite ran. (10405 ms total)
[  PASSED  ] 1 test.
TimeTracker::Log:
<end of output>
Test time =  10.41 sec
----------------------------------------------------------
Test Passed.
"Basic.ObliCheckLess" end time: Apr 15 21:37 WEST
"Basic.ObliCheckLess" time elapsed: 00:00:10
----------------------------------------------------------

5/49 Testing: Basic.MovPerf
5/49 Test: Basic.MovPerf
Command: "/builder/build/tests/test_basic" "--gtest_filter=Basic.MovPerf" "--gtest_also_run_disabled_tests"
Directory: /builder/build/tests
"Basic.MovPerf" start time: Apr 15 21:37 WEST
Output:
----------------------------------------------------------
Building tracker with 6 total tracers.
Building profiler with 6 total tracers.
Building MaxTracker
Installing signal handler
Running main() from /builder/build/_deps/googletest-src/googletest/src/gtest_main.cc
Note: Google Test filter = Basic.MovPerf
[==========] Running 1 test from 1 test suite.
[----------] Global test environment set-up.
Installing signal handler
[----------] 1 test from Basic
[ RUN      ] Basic.MovPerf
Test size: 200
Elapsed time: 0.174160
[       OK ] Basic.MovPerf (174 ms)
[----------] 1 test from Basic (174 ms total)

[----------] Global test environment tear-down
[==========] 1 test from 1 test suite ran. (174 ms total)
[  PASSED  ] 1 test.
TimeTracker::Log:
<end of output>
Test time =   0.18 sec
----------------------------------------------------------
Test Passed.
"Basic.MovPerf" end time: Apr 15 21:37 WEST
"Basic.MovPerf" time elapsed: 00:00:00
----------------------------------------------------------

6/49 Testing: Basic.SwapPerf
6/49 Test: Basic.SwapPerf
Command: "/builder/build/tests/test_basic" "--gtest_filter=Basic.SwapPerf" "--gtest_also_run_disabled_tests"
Directory: /builder/build/tests
"Basic.SwapPerf" start time: Apr 15 21:37 WEST
Output:
----------------------------------------------------------
Building tracker with 6 total tracers.
Building profiler with 6 total tracers.
Building MaxTracker
Installing signal handler
Running main() from /builder/build/_deps/googletest-src/googletest/src/gtest_main.cc
Note: Google Test filter = Basic.SwapPerf
[==========] Running 1 test from 1 test suite.
[----------] Global test environment set-up.
Installing signal handler
[----------] 1 test from Basic
[ RUN      ] Basic.SwapPerf
Test size: 200
Elapsed time: 0.252851
[       OK ] Basic.SwapPerf (252 ms)
[----------] 1 test from Basic (252 ms total)

[----------] Global test environment tear-down
[==========] 1 test from 1 test suite ran. (253 ms total)
[  PASSED  ] 1 test.
TimeTracker::Log:
<end of output>
Test time =   0.26 sec
----------------------------------------------------------
Test Passed.
"Basic.SwapPerf" end time: Apr 15 21:37 WEST
"Basic.SwapPerf" time elapsed: 00:00:00
----------------------------------------------------------

7/49 Testing: Basic.CheckEqualPerf
7/49 Test: Basic.CheckEqualPerf
Command: "/builder/build/tests/test_basic" "--gtest_filter=Basic.CheckEqualPerf" "--gtest_also_run_disabled_tests"
Directory: /builder/build/tests
"Basic.CheckEqualPerf" start time: Apr 15 21:37 WEST
Output:
----------------------------------------------------------
Building tracker with 6 total tracers.
Building profiler with 6 total tracers.
Building MaxTracker
Installing signal handler
Running main() from /builder/build/_deps/googletest-src/googletest/src/gtest_main.cc
Note: Google Test filter = Basic.CheckEqualPerf
[==========] Running 1 test from 1 test suite.
[----------] Global test environment set-up.
Installing signal handler
[----------] 1 test from Basic
[ RUN      ] Basic.CheckEqualPerf
res: 1
[       OK ] Basic.CheckEqualPerf (10769 ms)
[----------] 1 test from Basic (10769 ms total)

[----------] Global test environment tear-down
[==========] 1 test from 1 test suite ran. (10769 ms total)
[  PASSED  ] 1 test.
TimeTracker::Log:
<end of output>
Test time =  10.77 sec
----------------------------------------------------------
Test Passed.
"Basic.CheckEqualPerf" end time: Apr 15 21:37 WEST
"Basic.CheckEqualPerf" time elapsed: 00:00:10
----------------------------------------------------------

8/49 Testing: Basic.CheckLessPerf
8/49 Test: Basic.CheckLessPerf
Command: "/builder/build/tests/test_basic" "--gtest_filter=Basic.CheckLessPerf" "--gtest_also_run_disabled_tests"
Directory: /builder/build/tests
"Basic.CheckLessPerf" start time: Apr 15 21:37 WEST
Output:
----------------------------------------------------------
Building tracker with 6 total tracers.
Building profiler with 6 total tracers.
Building MaxTracker
Installing signal handler
Running main() from /builder/build/_deps/googletest-src/googletest/src/gtest_main.cc
Note: Google Test filter = Basic.CheckLessPerf
[==========] Running 1 test from 1 test suite.
[----------] Global test environment set-up.
Installing signal handler
[----------] 1 test from Basic
[ RUN      ] Basic.CheckLessPerf
res: 0
[       OK ] Basic.CheckLessPerf (15140 ms)
[----------] 1 test from Basic (15140 ms total)

[----------] Global test environment tear-down
[==========] 1 test from 1 test suite ran. (15140 ms total)
[  PASSED  ] 1 test.
TimeTracker::Log:
<end of output>
Test time =  15.14 sec
----------------------------------------------------------
Test Passed.
"Basic.CheckLessPerf" end time: Apr 15 21:38 WEST
"Basic.CheckLessPerf" time elapsed: 00:00:15
----------------------------------------------------------

9/49 Testing: Basic.Encrypted
9/49 Test: Basic.Encrypted
Command: "/builder/build/tests/test_basic" "--gtest_filter=Basic.Encrypted" "--gtest_also_run_disabled_tests"
Directory: /builder/build/tests
"Basic.Encrypted" start time: Apr 15 21:38 WEST
Output:
----------------------------------------------------------
Building tracker with 6 total tracers.
Building profiler with 6 total tracers.
Building MaxTracker
Installing signal handler
Running main() from /builder/build/_deps/googletest-src/googletest/src/gtest_main.cc
Note: Google Test filter = Basic.Encrypted
[==========] Running 1 test from 1 test suite.
[----------] Global test environment set-up.
Installing signal handler
[----------] 1 test from Basic
[ RUN      ] Basic.Encrypted
[       OK ] Basic.Encrypted (22 ms)
[----------] 1 test from Basic (22 ms total)

[----------] Global test environment tear-down
[==========] 1 test from 1 test suite ran. (22 ms total)
[  PASSED  ] 1 test.
TimeTracker::Log:
<end of output>
Test time =   0.03 sec
----------------------------------------------------------
Test Passed.
"Basic.Encrypted" end time: Apr 15 21:38 WEST
"Basic.Encrypted" time elapsed: 00:00:00
----------------------------------------------------------

10/49 Testing: Basic.EncryptPerf
10/49 Test: Basic.EncryptPerf
Command: "/builder/build/tests/test_basic" "--gtest_filter=Basic.EncryptPerf" "--gtest_also_run_disabled_tests"
Directory: /builder/build/tests
"Basic.EncryptPerf" start time: Apr 15 21:38 WEST
Output:
----------------------------------------------------------
Building tracker with 6 total tracers.
Building profiler with 6 total tracers.
Building MaxTracker
Installing signal handler
Running main() from /builder/build/_deps/googletest-src/googletest/src/gtest_main.cc
Note: Google Test filter = Basic.EncryptPerf
[==========] Running 1 test from 1 test suite.
[----------] Global test environment set-up.
Installing signal handler
[----------] 1 test from Basic
[ RUN      ] Basic.EncryptPerf
[       OK ] Basic.EncryptPerf (23734 ms)
[----------] 1 test from Basic (23734 ms total)

[----------] Global test environment tear-down
[==========] 1 test from 1 test suite ran. (23734 ms total)
[  PASSED  ] 1 test.
TimeTracker::Log:
<end of output>
Test time =  23.74 sec
----------------------------------------------------------
Test Passed.
"Basic.EncryptPerf" end time: Apr 15 21:38 WEST
"Basic.EncryptPerf" time elapsed: 00:00:23
----------------------------------------------------------

11/49 Testing: Basic.TestHeapTreeCorrectness
11/49 Test: Basic.TestHeapTreeCorrectness
Command: "/builder/build/tests/test_basic" "--gtest_filter=Basic.TestHeapTreeCorrectness" "--gtest_also_run_disabled_tests"
Directory: /builder/build/tests
"Basic.TestHeapTreeCorrectness" start time: Apr 15 21:38 WEST
Output:
----------------------------------------------------------
Building tracker with 6 total tracers.
Building profiler with 6 total tracers.
Building MaxTracker
Installing signal handler
Running main() from /builder/build/_deps/googletest-src/googletest/src/gtest_main.cc
Note: Google Test filter = Basic.TestHeapTreeCorrectness
[==========] Running 1 test from 1 test suite.
[----------] Global test environment set-up.
Installing signal handler
[----------] 1 test from Basic
[ RUN      ] Basic.TestHeapTreeCorrectness
[       OK ] Basic.TestHeapTreeCorrectness (1486520 ms)
[----------] 1 test from Basic (1486522 ms total)

[----------] Global test environment tear-down
[==========] 1 test from 1 test suite ran. (1486522 ms total)
[  PASSED  ] 1 test.
TimeTracker::Log:
<end of output>
Test time = 1486.53 sec
----------------------------------------------------------
Test Passed.
"Basic.TestHeapTreeCorrectness" end time: Apr 15 22:03 WEST
"Basic.TestHeapTreeCorrectness" time elapsed: 00:24:46
----------------------------------------------------------

12/49 Testing: ORAMBasic.CommonSuffixLen
12/49 Test: ORAMBasic.CommonSuffixLen
Command: "/builder/build/tests/test_oram" "--gtest_filter=ORAMBasic.CommonSuffixLen" "--gtest_also_run_disabled_tests"
Directory: /builder/build/tests
"ORAMBasic.CommonSuffixLen" start time: Apr 15 22:03 WEST
Output:
----------------------------------------------------------
Building tracker with 6 total tracers.
Building profiler with 6 total tracers.
Building MaxTracker
Installing signal handler
Running main() from /builder/build/_deps/googletest-src/googletest/src/gtest_main.cc
Note: Google Test filter = ORAMBasic.CommonSuffixLen
[==========] Running 1 test from 1 test suite.
[----------] Global test environment set-up.
Installing signal handler
[----------] 1 test from ORAMBasic
[ RUN      ] ORAMBasic.CommonSuffixLen
[       OK ] ORAMBasic.CommonSuffixLen (39 ms)
[----------] 1 test from ORAMBasic (39 ms total)

[----------] Global test environment tear-down
[==========] 1 test from 1 test suite ran. (39 ms total)
[  PASSED  ] 1 test.
TimeTracker::Log:
<end of output>
Test time =   0.05 sec
----------------------------------------------------------
Test Passed.
"ORAMBasic.CommonSuffixLen" end time: Apr 15 22:03 WEST
"ORAMBasic.CommonSuffixLen" time elapsed: 00:00:00
----------------------------------------------------------

13/49 Testing: CircuitORAM.SingleAccess
13/49 Test: CircuitORAM.SingleAccess
Command: "/builder/build/tests/test_oram" "--gtest_filter=CircuitORAM.SingleAccess" "--gtest_also_run_disabled_tests"
Directory: /builder/build/tests
"CircuitORAM.SingleAccess" start time: Apr 15 22:03 WEST
Output:
----------------------------------------------------------
Building tracker with 6 total tracers.
Building profiler with 6 total tracers.
Building MaxTracker
Installing signal handler
Running main() from /builder/build/_deps/googletest-src/googletest/src/gtest_main.cc
Note: Google Test filter = CircuitORAM.SingleAccess
[==========] Running 1 test from 1 test suite.
[----------] Global test environment set-up.
Installing signal handler
[----------] 1 test from CircuitORAM
[ RUN      ] CircuitORAM.SingleAccess
[       OK ] CircuitORAM.SingleAccess (350 ms)
[----------] 1 test from CircuitORAM (350 ms total)

[----------] Global test environment tear-down
[==========] 1 test from 1 test suite ran. (351 ms total)
[  PASSED  ] 1 test.
TimeTracker::Log:
<end of output>
Test time =   0.35 sec
----------------------------------------------------------
Test Passed.
"CircuitORAM.SingleAccess" end time: Apr 15 22:03 WEST
"CircuitORAM.SingleAccess" time elapsed: 00:00:00
----------------------------------------------------------

14/49 Testing: CircuitORAM.BatchUpdate
14/49 Test: CircuitORAM.BatchUpdate
Command: "/builder/build/tests/test_oram" "--gtest_filter=CircuitORAM.BatchUpdate" "--gtest_also_run_disabled_tests"
Directory: /builder/build/tests
"CircuitORAM.BatchUpdate" start time: Apr 15 22:03 WEST
Output:
----------------------------------------------------------
Building tracker with 6 total tracers.
Building profiler with 6 total tracers.
Building MaxTracker
Installing signal handler
Running main() from /builder/build/_deps/googletest-src/googletest/src/gtest_main.cc
Note: Google Test filter = CircuitORAM.BatchUpdate
[==========] Running 1 test from 1 test suite.
[----------] Global test environment set-up.
Installing signal handler
[----------] 1 test from CircuitORAM
[ RUN      ] CircuitORAM.BatchUpdate
[       OK ] CircuitORAM.BatchUpdate (53 ms)
[----------] 1 test from CircuitORAM (54 ms total)

[----------] Global test environment tear-down
[==========] 1 test from 1 test suite ran. (54 ms total)
[  PASSED  ] 1 test.
TimeTracker::Log:
<end of output>
Test time =   0.06 sec
----------------------------------------------------------
Test Passed.
"CircuitORAM.BatchUpdate" end time: Apr 15 22:03 WEST
"CircuitORAM.BatchUpdate" time elapsed: 00:00:00
----------------------------------------------------------

15/49 Testing: CircuitORAM.BatchUpdateLarge
15/49 Test: CircuitORAM.BatchUpdateLarge
Command: "/builder/build/tests/test_oram" "--gtest_filter=CircuitORAM.BatchUpdateLarge" "--gtest_also_run_disabled_tests"
Directory: /builder/build/tests
"CircuitORAM.BatchUpdateLarge" start time: Apr 15 22:03 WEST
Output:
----------------------------------------------------------
Building tracker with 6 total tracers.
Building profiler with 6 total tracers.
Building MaxTracker
Installing signal handler
Running main() from /builder/build/_deps/googletest-src/googletest/src/gtest_main.cc
Note: Google Test filter = CircuitORAM.BatchUpdateLarge
[==========] Running 1 test from 1 test suite.
[----------] Global test environment set-up.
Installing signal handler
[----------] 1 test from CircuitORAM
[ RUN      ] CircuitORAM.BatchUpdateLarge
[>> Allocate , _size=6439760]
[1713214992.48449][/builder/omap/external_memory/server/serverAllocator.hpp:36]: [<< Allocate]
[>> Free , slot.base=0, slot.size=6439760]
[1713215007.897630][/builder/omap/external_memory/server/serverAllocator.hpp:66]: [<< Free]
[       OK ] CircuitORAM.BatchUpdateLarge (15849 ms)
[----------] 1 test from CircuitORAM (15849 ms total)

[----------] Global test environment tear-down
[==========] 1 test from 1 test suite ran. (15850 ms total)
[  PASSED  ] 1 test.
TimeTracker::Log:
<end of output>
Test time =  15.85 sec
----------------------------------------------------------
Test Passed.
"CircuitORAM.BatchUpdateLarge" end time: Apr 15 22:03 WEST
"CircuitORAM.BatchUpdateLarge" time elapsed: 00:00:15
----------------------------------------------------------

16/49 Testing: CircuitORAM.BatchUpdateLargeOverflows
16/49 Test: CircuitORAM.BatchUpdateLargeOverflows
Command: "/builder/build/tests/test_oram" "--gtest_filter=CircuitORAM.BatchUpdateLargeOverflows" "--gtest_also_run_disabled_tests"
Directory: /builder/build/tests
"CircuitORAM.BatchUpdateLargeOverflows" start time: Apr 15 22:03 WEST
Output:
----------------------------------------------------------
Building tracker with 6 total tracers.
Building profiler with 6 total tracers.
Building MaxTracker
Installing signal handler
Running main() from /builder/build/_deps/googletest-src/googletest/src/gtest_main.cc
Note: Google Test filter = CircuitORAM.BatchUpdateLargeOverflows
[==========] Running 1 test from 1 test suite.
[----------] Global test environment set-up.
Installing signal handler
[----------] 1 test from CircuitORAM
[ RUN      ] CircuitORAM.BatchUpdateLargeOverflows
[>> Allocate , _size=5761040]
[1713215007.901466][/builder/omap/external_memory/server/serverAllocator.hpp:36]: [<< Allocate]
[>> Free , slot.base=0, slot.size=5761040]
[1713215022.471649][/builder/omap/external_memory/server/serverAllocator.hpp:66]: [<< Free]
[       OK ] CircuitORAM.BatchUpdateLargeOverflows (14570 ms)
[----------] 1 test from CircuitORAM (14570 ms total)

[----------] Global test environment tear-down
[==========] 1 test from 1 test suite ran. (14570 ms total)
[  PASSED  ] 1 test.
TimeTracker::Log:
<end of output>
Test time =  14.57 sec
----------------------------------------------------------
Test Passed.
"CircuitORAM.BatchUpdateLargeOverflows" end time: Apr 15 22:03 WEST
"CircuitORAM.BatchUpdateLargeOverflows" time elapsed: 00:00:14
----------------------------------------------------------

17/49 Testing: CircuitORAM.BatchReadAndRemovePerf
17/49 Test: CircuitORAM.BatchReadAndRemovePerf
Command: "/builder/build/tests/test_oram" "--gtest_filter=CircuitORAM.BatchReadAndRemovePerf" "--gtest_also_run_disabled_tests"
Directory: /builder/build/tests
"CircuitORAM.BatchReadAndRemovePerf" start time: Apr 15 22:03 WEST
Output:
----------------------------------------------------------
Building tracker with 6 total tracers.
Building profiler with 6 total tracers.
Building MaxTracker
Installing signal handler
Running main() from /builder/build/_deps/googletest-src/googletest/src/gtest_main.cc
Note: Google Test filter = CircuitORAM.BatchReadAndRemovePerf
[==========] Running 1 test from 1 test suite.
[----------] Global test environment set-up.
Installing signal handler
[----------] 1 test from CircuitORAM
[ RUN      ] CircuitORAM.BatchReadAndRemovePerf
[       OK ] CircuitORAM.BatchReadAndRemovePerf (38712 ms)
[----------] 1 test from CircuitORAM (38712 ms total)

[----------] Global test environment tear-down
[==========] 1 test from 1 test suite ran. (38712 ms total)
[  PASSED  ] 1 test.
TimeTracker::Log:
<end of output>
Test time =  38.72 sec
----------------------------------------------------------
Test Passed.
"CircuitORAM.BatchReadAndRemovePerf" end time: Apr 15 22:04 WEST
"CircuitORAM.BatchReadAndRemovePerf" time elapsed: 00:00:38
----------------------------------------------------------

18/49 Testing: CircuitORAM.Mixed
18/49 Test: CircuitORAM.Mixed
Command: "/builder/build/tests/test_oram" "--gtest_filter=CircuitORAM.Mixed" "--gtest_also_run_disabled_tests"
Directory: /builder/build/tests
"CircuitORAM.Mixed" start time: Apr 15 22:04 WEST
Output:
----------------------------------------------------------
Building tracker with 6 total tracers.
Building profiler with 6 total tracers.
Building MaxTracker
Installing signal handler
Running main() from /builder/build/_deps/googletest-src/googletest/src/gtest_main.cc
Note: Google Test filter = CircuitORAM.Mixed
[==========] Running 1 test from 1 test suite.
[----------] Global test environment set-up.
Installing signal handler
[----------] 1 test from CircuitORAM
[ RUN      ] CircuitORAM.Mixed
[       OK ] CircuitORAM.Mixed (38336 ms)
[----------] 1 test from CircuitORAM (38336 ms total)

[----------] Global test environment tear-down
[==========] 1 test from 1 test suite ran. (38336 ms total)
[  PASSED  ] 1 test.
TimeTracker::Log:
<end of output>
Test time =  38.34 sec
----------------------------------------------------------
Test Passed.
"CircuitORAM.Mixed" end time: Apr 15 22:04 WEST
"CircuitORAM.Mixed" time elapsed: 00:00:38
----------------------------------------------------------

19/49 Testing: CircuitORAM.OverflowHandling
19/49 Test: CircuitORAM.OverflowHandling
Command: "/builder/build/tests/test_oram" "--gtest_filter=CircuitORAM.OverflowHandling" "--gtest_also_run_disabled_tests"
Directory: /builder/build/tests
"CircuitORAM.OverflowHandling" start time: Apr 15 22:04 WEST
Output:
----------------------------------------------------------
Building tracker with 6 total tracers.
Building profiler with 6 total tracers.
Building MaxTracker
Installing signal handler
Running main() from /builder/build/_deps/googletest-src/googletest/src/gtest_main.cc
Note: Google Test filter = CircuitORAM.OverflowHandling
[==========] Running 1 test from 1 test suite.
[----------] Global test environment set-up.
Installing signal handler
[----------] 1 test from CircuitORAM
[ RUN      ] CircuitORAM.OverflowHandling
[       OK ] CircuitORAM.OverflowHandling (22459 ms)
[----------] 1 test from CircuitORAM (22459 ms total)

[----------] Global test environment tear-down
[==========] 1 test from 1 test suite ran. (22459 ms total)
[  PASSED  ] 1 test.
TimeTracker::Log:
<end of output>
Test time =  22.46 sec
----------------------------------------------------------
Test Passed.
"CircuitORAM.OverflowHandling" end time: Apr 15 22:05 WEST
"CircuitORAM.OverflowHandling" time elapsed: 00:00:22
----------------------------------------------------------

20/49 Testing: CircuitORAM.StashLoad
20/49 Test: CircuitORAM.StashLoad
Command: "/builder/build/tests/test_oram" "--gtest_filter=CircuitORAM.StashLoad" "--gtest_also_run_disabled_tests"
Directory: /builder/build/tests
"CircuitORAM.StashLoad" start time: Apr 15 22:05 WEST
Output:
----------------------------------------------------------
Building tracker with 6 total tracers.
Building profiler with 6 total tracers.
Building MaxTracker
Installing signal handler
Running main() from /builder/build/_deps/googletest-src/googletest/src/gtest_main.cc
Note: Google Test filter = CircuitORAM.StashLoad
[==========] Running 1 test from 1 test suite.
[----------] Global test environment set-up.
Installing signal handler
[----------] 1 test from CircuitORAM
[ RUN      ] CircuitORAM.StashLoad
/builder/tests/oram.cpp:345: Skipped

[  SKIPPED ] CircuitORAM.StashLoad (0 ms)
[----------] 1 test from CircuitORAM (0 ms total)

[----------] Global test environment tear-down
[==========] 1 test from 1 test suite ran. (0 ms total)
[  PASSED  ] 0 tests.
[  SKIPPED ] 1 test, listed below:
[  SKIPPED ] CircuitORAM.StashLoad
TimeTracker::Log:
<end of output>
Test time =   0.01 sec
----------------------------------------------------------
Test Pass Reason:
Skip regular expression found in output. Regex=[\[  SKIPPED \]]
"CircuitORAM.StashLoad" end time: Apr 15 22:05 WEST
"CircuitORAM.StashLoad" time elapsed: 00:00:00
----------------------------------------------------------

21/49 Testing: CircuitORAM.VariousSizes
21/49 Test: CircuitORAM.VariousSizes
Command: "/builder/build/tests/test_oram" "--gtest_filter=CircuitORAM.VariousSizes" "--gtest_also_run_disabled_tests"
Directory: /builder/build/tests
"CircuitORAM.VariousSizes" start time: Apr 15 22:05 WEST
Output:
----------------------------------------------------------
Building tracker with 6 total tracers.
Building profiler with 6 total tracers.
Building MaxTracker
Installing signal handler
Running main() from /builder/build/_deps/googletest-src/googletest/src/gtest_main.cc
Note: Google Test filter = CircuitORAM.VariousSizes
[==========] Running 1 test from 1 test suite.
[----------] Global test environment set-up.
Installing signal handler
[----------] 1 test from CircuitORAM
[ RUN      ] CircuitORAM.VariousSizes
[>> Allocate , _size=197664]
[1713215132.255101][/builder/omap/external_memory/server/serverAllocator.hpp:36]: [<< Allocate]
[>> Free , slot.base=0, slot.size=197664]
[1713215132.402987][/builder/omap/external_memory/server/serverAllocator.hpp:66]: [<< Free]
[>> Allocate , _size=197664]
[1713215132.403041][/builder/omap/external_memory/server/serverAllocator.hpp:36]: [<< Allocate]
[>> Free , slot.base=0, slot.size=197664]
[1713215132.553704][/builder/omap/external_memory/server/serverAllocator.hpp:66]: [<< Free]
[>> Allocate , _size=197664]
[1713215132.553738][/builder/omap/external_memory/server/serverAllocator.hpp:36]: [<< Allocate]
[>> Free , slot.base=0, slot.size=197664]
[1713215132.695509][/builder/omap/external_memory/server/serverAllocator.hpp:66]: [<< Free]
[>> Allocate , _size=197664]
[1713215132.695544][/builder/omap/external_memory/server/serverAllocator.hpp:36]: [<< Allocate]
[>> Free , slot.base=0, slot.size=197664]
[1713215132.834420][/builder/omap/external_memory/server/serverAllocator.hpp:66]: [<< Free]
[>> Allocate , _size=197664]
[1713215132.834463][/builder/omap/external_memory/server/serverAllocator.hpp:36]: [<< Allocate]
[>> Free , slot.base=0, slot.size=197664]
[1713215132.975490][/builder/omap/external_memory/server/serverAllocator.hpp:66]: [<< Free]
[>> Allocate , _size=197664]
[1713215132.975531][/builder/omap/external_memory/server/serverAllocator.hpp:36]: [<< Allocate]
[>> Free , slot.base=0, slot.size=197664]
[1713215133.121934][/builder/omap/external_memory/server/serverAllocator.hpp:66]: [<< Free]
[>> Allocate , _size=231536]
[1713215133.121965][/builder/omap/external_memory/server/serverAllocator.hpp:36]: [<< Allocate]
[>> Free , slot.base=0, slot.size=231536]
[1713215133.284645][/builder/omap/external_memory/server/serverAllocator.hpp:66]: [<< Free]
[>> Allocate , _size=231536]
[1713215133.284677][/builder/omap/external_memory/server/serverAllocator.hpp:36]: [<< Allocate]
[>> Free , slot.base=0, slot.size=231536]
[1713215133.453326][/builder/omap/external_memory/server/serverAllocator.hpp:66]: [<< Free]
[>> Allocate , _size=231536]
[1713215133.453459][/builder/omap/external_memory/server/serverAllocator.hpp:36]: [<< Allocate]
[>> Free , slot.base=0, slot.size=231536]
[1713215133.608654][/builder/omap/external_memory/server/serverAllocator.hpp:66]: [<< Free]
[>> Allocate , _size=231536]
[1713215133.608685][/builder/omap/external_memory/server/serverAllocator.hpp:36]: [<< Allocate]
[>> Free , slot.base=0, slot.size=231536]
[1713215133.762657][/builder/omap/external_memory/server/serverAllocator.hpp:66]: [<< Free]
[>> Allocate , _size=248240]
[1713215133.762680][/builder/omap/external_memory/server/serverAllocator.hpp:36]: [<< Allocate]
[>> Free , slot.base=0, slot.size=248240]
[1713215133.923355][/builder/omap/external_memory/server/serverAllocator.hpp:66]: [<< Free]
[>> Allocate , _size=248240]
[1713215133.923377][/builder/omap/external_memory/server/serverAllocator.hpp:36]: [<< Allocate]
[>> Free , slot.base=0, slot.size=248240]
[1713215134.79293][/builder/omap/external_memory/server/serverAllocator.hpp:66]: [<< Free]
[>> Allocate , _size=257056]
[1713215134.79314][/builder/omap/external_memory/server/serverAllocator.hpp:36]: [<< Allocate]
[>> Free , slot.base=0, slot.size=257056]
[1713215134.235914][/builder/omap/external_memory/server/serverAllocator.hpp:66]: [<< Free]
[>> Allocate , _size=263088]
[1713215134.235935][/builder/omap/external_memory/server/serverAllocator.hpp:36]: [<< Allocate]
[>> Free , slot.base=0, slot.size=263088]
[1713215134.391240][/builder/omap/external_memory/server/serverAllocator.hpp:66]: [<< Free]
[>> Allocate , _size=262160]
[1713215135.886086][/builder/omap/external_memory/server/serverAllocator.hpp:36]: [<< Allocate]
[>> Free , slot.base=0, slot.size=262160]
[1713215136.118297][/builder/omap/external_memory/server/serverAllocator.hpp:66]: [<< Free]
[>> Allocate , _size=262160]
[1713215136.118358][/builder/omap/external_memory/server/serverAllocator.hpp:36]: [<< Allocate]
[>> Free , slot.base=0, slot.size=262160]
[1713215136.342402][/builder/omap/external_memory/server/serverAllocator.hpp:66]: [<< Free]
[>> Allocate , _size=262160]
[1713215136.342479][/builder/omap/external_memory/server/serverAllocator.hpp:36]: [<< Allocate]
[>> Free , slot.base=0, slot.size=262160]
[1713215136.583645][/builder/omap/external_memory/server/serverAllocator.hpp:66]: [<< Free]
[>> Allocate , _size=262160]
[1713215136.583701][/builder/omap/external_memory/server/serverAllocator.hpp:36]: [<< Allocate]
[>> Free , slot.base=0, slot.size=262160]
[1713215136.819896][/builder/omap/external_memory/server/serverAllocator.hpp:66]: [<< Free]
[>> Allocate , _size=262160]
[1713215136.819947][/builder/omap/external_memory/server/serverAllocator.hpp:36]: [<< Allocate]
[>> Free , slot.base=0, slot.size=262160]
[1713215137.66477][/builder/omap/external_memory/server/serverAllocator.hpp:66]: [<< Free]
[>> Allocate , _size=262160]
[1713215137.66527][/builder/omap/external_memory/server/serverAllocator.hpp:36]: [<< Allocate]
[>> Free , slot.base=0, slot.size=262160]
[1713215137.301465][/builder/omap/external_memory/server/serverAllocator.hpp:66]: [<< Free]
[>> Allocate , _size=262160]
[1713215137.301514][/builder/omap/external_memory/server/serverAllocator.hpp:36]: [<< Allocate]
[>> Free , slot.base=0, slot.size=262160]
[1713215137.519167][/builder/omap/external_memory/server/serverAllocator.hpp:66]: [<< Free]
[>> Allocate , _size=329904]
[1713215137.519199][/builder/omap/external_memory/server/serverAllocator.hpp:36]: [<< Allocate]
[>> Free , slot.base=0, slot.size=329904]
[1713215137.773377][/builder/omap/external_memory/server/serverAllocator.hpp:66]: [<< Free]
[>> Allocate , _size=329904]
[1713215137.773419][/builder/omap/external_memory/server/serverAllocator.hpp:36]: [<< Allocate]
[>> Free , slot.base=0, slot.size=329904]
[1713215138.32596][/builder/omap/external_memory/server/serverAllocator.hpp:66]: [<< Free]
[>> Allocate , _size=329904]
[1713215138.32635][/builder/omap/external_memory/server/serverAllocator.hpp:36]: [<< Allocate]
[>> Free , slot.base=0, slot.size=329904]
[1713215138.263703][/builder/omap/external_memory/server/serverAllocator.hpp:66]: [<< Free]
[>> Allocate , _size=329904]
[1713215138.263741][/builder/omap/external_memory/server/serverAllocator.hpp:36]: [<< Allocate]
[>> Free , slot.base=0, slot.size=329904]
[1713215138.505965][/builder/omap/external_memory/server/serverAllocator.hpp:66]: [<< Free]
[>> Allocate , _size=329904]
[1713215138.505998][/builder/omap/external_memory/server/serverAllocator.hpp:36]: [<< Allocate]
[>> Free , slot.base=0, slot.size=329904]
[1713215138.752405][/builder/omap/external_memory/server/serverAllocator.hpp:66]: [<< Free]
[>> Allocate , _size=329904]
[1713215138.752445][/builder/omap/external_memory/server/serverAllocator.hpp:36]: [<< Allocate]
[>> Free , slot.base=0, slot.size=329904]
[1713215138.987425][/builder/omap/external_memory/server/serverAllocator.hpp:66]: [<< Free]
[>> Allocate , _size=364240]
[1713215138.987451][/builder/omap/external_memory/server/serverAllocator.hpp:36]: [<< Allocate]
[>> Free , slot.base=0, slot.size=364240]
[1713215139.216150][/builder/omap/external_memory/server/serverAllocator.hpp:66]: [<< Free]
[>> Allocate , _size=364240]
[1713215139.216176][/builder/omap/external_memory/server/serverAllocator.hpp:36]: [<< Allocate]
[>> Free , slot.base=0, slot.size=364240]
[1713215139.450591][/builder/omap/external_memory/server/serverAllocator.hpp:66]: [<< Free]
[>> Allocate , _size=364240]
[1713215139.450623][/builder/omap/external_memory/server/serverAllocator.hpp:36]: [<< Allocate]
[>> Free , slot.base=0, slot.size=364240]
[1713215139.699489][/builder/omap/external_memory/server/serverAllocator.hpp:66]: [<< Free]
[>> Allocate , _size=364240]
[1713215139.699524][/builder/omap/external_memory/server/serverAllocator.hpp:36]: [<< Allocate]
[>> Free , slot.base=0, slot.size=364240]
[1713215139.927139][/builder/omap/external_memory/server/serverAllocator.hpp:66]: [<< Free]
[>> Allocate , _size=380944]
[1713215139.927162][/builder/omap/external_memory/server/serverAllocator.hpp:36]: [<< Allocate]
[>> Free , slot.base=0, slot.size=380944]
[1713215140.201685][/builder/omap/external_memory/server/serverAllocator.hpp:66]: [<< Free]
[>> Allocate , _size=380944]
[1713215140.201709][/builder/omap/external_memory/server/serverAllocator.hpp:36]: [<< Allocate]
[>> Free , slot.base=0, slot.size=380944]
[1713215140.452848][/builder/omap/external_memory/server/serverAllocator.hpp:66]: [<< Free]
[>> Allocate , _size=389296]
[1713215140.452870][/builder/omap/external_memory/server/serverAllocator.hpp:36]: [<< Allocate]
[>> Free , slot.base=0, slot.size=389296]
[1713215140.695433][/builder/omap/external_memory/server/serverAllocator.hpp:66]: [<< Free]
[>> Allocate , _size=395792]
[1713215140.695454][/builder/omap/external_memory/server/serverAllocator.hpp:36]: [<< Allocate]
[>> Free , slot.base=0, slot.size=395792]
[1713215140.944343][/builder/omap/external_memory/server/serverAllocator.hpp:66]: [<< Free]
[>> Allocate , _size=334080]
[1713215140.944453][/builder/omap/external_memory/server/serverAllocator.hpp:36]: [<< Allocate]
[>> Free , slot.base=0, slot.size=334080]
[1713215141.296912][/builder/omap/external_memory/server/serverAllocator.hpp:66]: [<< Free]
[>> Allocate , _size=334080]
[1713215141.297013][/builder/omap/external_memory/server/serverAllocator.hpp:36]: [<< Allocate]
[>> Free , slot.base=0, slot.size=334080]
[1713215141.638230][/builder/omap/external_memory/server/serverAllocator.hpp:66]: [<< Free]
[>> Allocate , _size=334080]
[1713215141.638312][/builder/omap/external_memory/server/serverAllocator.hpp:36]: [<< Allocate]
[>> Free , slot.base=0, slot.size=334080]
[1713215141.977846][/builder/omap/external_memory/server/serverAllocator.hpp:66]: [<< Free]
[>> Allocate , _size=334080]
[1713215141.977960][/builder/omap/external_memory/server/serverAllocator.hpp:36]: [<< Allocate]
[>> Free , slot.base=0, slot.size=334080]
[1713215142.351570][/builder/omap/external_memory/server/serverAllocator.hpp:66]: [<< Free]
[>> Allocate , _size=334080]
[1713215142.351661][/builder/omap/external_memory/server/serverAllocator.hpp:36]: [<< Allocate]
[>> Free , slot.base=0, slot.size=334080]
[1713215142.687988][/builder/omap/external_memory/server/serverAllocator.hpp:66]: [<< Free]
[>> Allocate , _size=334080]
[1713215142.688100][/builder/omap/external_memory/server/serverAllocator.hpp:36]: [<< Allocate]
[>> Free , slot.base=0, slot.size=334080]
[1713215143.36311][/builder/omap/external_memory/server/serverAllocator.hpp:66]: [<< Free]
[>> Allocate , _size=470032]
[1713215143.36368][/builder/omap/external_memory/server/serverAllocator.hpp:36]: [<< Allocate]
[>> Free , slot.base=0, slot.size=470032]
[1713215143.401998][/builder/omap/external_memory/server/serverAllocator.hpp:66]: [<< Free]
[>> Allocate , _size=470032]
[1713215143.402080][/builder/omap/external_memory/server/serverAllocator.hpp:36]: [<< Allocate]
[>> Free , slot.base=0, slot.size=470032]
[1713215143.762188][/builder/omap/external_memory/server/serverAllocator.hpp:66]: [<< Free]
[>> Allocate , _size=470032]
[1713215143.762236][/builder/omap/external_memory/server/serverAllocator.hpp:36]: [<< Allocate]
[>> Free , slot.base=0, slot.size=470032]
[1713215144.117173][/builder/omap/external_memory/server/serverAllocator.hpp:66]: [<< Free]
[>> Allocate , _size=470032]
[1713215144.117226][/builder/omap/external_memory/server/serverAllocator.hpp:36]: [<< Allocate]
[>> Free , slot.base=0, slot.size=470032]
[1713215144.507417][/builder/omap/external_memory/server/serverAllocator.hpp:66]: [<< Free]
[>> Allocate , _size=470032]
[1713215144.507467][/builder/omap/external_memory/server/serverAllocator.hpp:36]: [<< Allocate]
[>> Free , slot.base=0, slot.size=470032]
[1713215144.853947][/builder/omap/external_memory/server/serverAllocator.hpp:66]: [<< Free]
[>> Allocate , _size=470032]
[1713215144.854016][/builder/omap/external_memory/server/serverAllocator.hpp:36]: [<< Allocate]
[>> Free , slot.base=0, slot.size=470032]
[1713215145.213952][/builder/omap/external_memory/server/serverAllocator.hpp:66]: [<< Free]
[>> Allocate , _size=470032]
[1713215145.214010][/builder/omap/external_memory/server/serverAllocator.hpp:36]: [<< Allocate]
[>> Free , slot.base=0, slot.size=470032]
[1713215145.569426][/builder/omap/external_memory/server/serverAllocator.hpp:66]: [<< Free]
[>> Allocate , _size=470032]
[1713215145.569476][/builder/omap/external_memory/server/serverAllocator.hpp:36]: [<< Allocate]
[>> Free , slot.base=0, slot.size=470032]
[1713215145.931223][/builder/omap/external_memory/server/serverAllocator.hpp:66]: [<< Free]
[>> Allocate , _size=537776]
[1713215145.931258][/builder/omap/external_memory/server/serverAllocator.hpp:36]: [<< Allocate]
[>> Free , slot.base=0, slot.size=537776]
[1713215146.330341][/builder/omap/external_memory/server/serverAllocator.hpp:66]: [<< Free]
[>> Allocate , _size=537776]
[1713215146.330382][/builder/omap/external_memory/server/serverAllocator.hpp:36]: [<< Allocate]
[>> Free , slot.base=0, slot.size=537776]
[1713215146.705352][/builder/omap/external_memory/server/serverAllocator.hpp:66]: [<< Free]
[>> Allocate , _size=537776]
[1713215146.705393][/builder/omap/external_memory/server/serverAllocator.hpp:36]: [<< Allocate]
[>> Free , slot.base=0, slot.size=537776]
[1713215147.76940][/builder/omap/external_memory/server/serverAllocator.hpp:66]: [<< Free]
[>> Allocate , _size=537776]
[1713215147.77073][/builder/omap/external_memory/server/serverAllocator.hpp:36]: [<< Allocate]
[>> Free , slot.base=0, slot.size=537776]
[1713215147.465428][/builder/omap/external_memory/server/serverAllocator.hpp:66]: [<< Free]
[>> Allocate , _size=537776]
[1713215147.465462][/builder/omap/external_memory/server/serverAllocator.hpp:36]: [<< Allocate]
[>> Free , slot.base=0, slot.size=537776]
[1713215147.825078][/builder/omap/external_memory/server/serverAllocator.hpp:66]: [<< Free]
[>> Allocate , _size=537776]
[1713215147.825119][/builder/omap/external_memory/server/serverAllocator.hpp:36]: [<< Allocate]
[>> Free , slot.base=0, slot.size=537776]
[1713215148.202181][/builder/omap/external_memory/server/serverAllocator.hpp:66]: [<< Free]
[>> Allocate , _size=571648]
[1713215148.202219][/builder/omap/external_memory/server/serverAllocator.hpp:36]: [<< Allocate]
[>> Free , slot.base=0, slot.size=571648]
[1713215148.593259][/builder/omap/external_memory/server/serverAllocator.hpp:66]: [<< Free]
[>> Allocate , _size=571648]
[1713215148.593296][/builder/omap/external_memory/server/serverAllocator.hpp:36]: [<< Allocate]
[>> Free , slot.base=0, slot.size=571648]
[1713215148.960999][/builder/omap/external_memory/server/serverAllocator.hpp:66]: [<< Free]
[>> Allocate , _size=571648]
[1713215148.961030][/builder/omap/external_memory/server/serverAllocator.hpp:36]: [<< Allocate]
[>> Free , slot.base=0, slot.size=571648]
[1713215149.333373][/builder/omap/external_memory/server/serverAllocator.hpp:66]: [<< Free]
[>> Allocate , _size=571648]
[1713215149.333399][/builder/omap/external_memory/server/serverAllocator.hpp:36]: [<< Allocate]
[>> Free , slot.base=0, slot.size=571648]
[1713215149.705663][/builder/omap/external_memory/server/serverAllocator.hpp:66]: [<< Free]
[>> Allocate , _size=588816]
[1713215149.705690][/builder/omap/external_memory/server/serverAllocator.hpp:36]: [<< Allocate]
[>> Free , slot.base=0, slot.size=588816]
[1713215150.80641][/builder/omap/external_memory/server/serverAllocator.hpp:66]: [<< Free]
[>> Allocate , _size=588816]
[1713215150.80664][/builder/omap/external_memory/server/serverAllocator.hpp:36]: [<< Allocate]
[>> Free , slot.base=0, slot.size=588816]
[1713215150.505943][/builder/omap/external_memory/server/serverAllocator.hpp:66]: [<< Free]
[>> Allocate , _size=597168]
[1713215150.505965][/builder/omap/external_memory/server/serverAllocator.hpp:36]: [<< Allocate]
[>> Free , slot.base=0, slot.size=597168]
[1713215150.934790][/builder/omap/external_memory/server/serverAllocator.hpp:66]: [<< Free]
[>> Allocate , _size=603664]
[1713215150.934813][/builder/omap/external_memory/server/serverAllocator.hpp:36]: [<< Allocate]
[>> Free , slot.base=0, slot.size=603664]
[1713215151.348435][/builder/omap/external_memory/server/serverAllocator.hpp:66]: [<< Free]
[>> Allocate , _size=1365552]
[1713215151.348544][/builder/omap/external_memory/server/serverAllocator.hpp:36]: [<< Allocate]
[>> Free , slot.base=0, slot.size=1365552]
[1713215152.439304][/builder/omap/external_memory/server/serverAllocator.hpp:66]: [<< Free]
[>> Allocate , _size=1365552]
[1713215152.439399][/builder/omap/external_memory/server/serverAllocator.hpp:36]: [<< Allocate]
[>> Free , slot.base=0, slot.size=1365552]
[1713215153.542513][/builder/omap/external_memory/server/serverAllocator.hpp:66]: [<< Free]
[>> Allocate , _size=1365552]
[1713215153.542672][/builder/omap/external_memory/server/serverAllocator.hpp:36]: [<< Allocate]
[>> Free , slot.base=0, slot.size=1365552]
[1713215154.674764][/builder/omap/external_memory/server/serverAllocator.hpp:66]: [<< Free]
[>> Allocate , _size=1365552]
[1713215154.674852][/builder/omap/external_memory/server/serverAllocator.hpp:36]: [<< Allocate]
[>> Free , slot.base=0, slot.size=1365552]
[1713215155.799117][/builder/omap/external_memory/server/serverAllocator.hpp:66]: [<< Free]
[>> Allocate , _size=1365552]
[1713215155.799228][/builder/omap/external_memory/server/serverAllocator.hpp:36]: [<< Allocate]
[>> Free , slot.base=0, slot.size=1365552]
[1713215156.864383][/builder/omap/external_memory/server/serverAllocator.hpp:66]: [<< Free]
[>> Allocate , _size=1365552]
[1713215156.864462][/builder/omap/external_memory/server/serverAllocator.hpp:36]: [<< Allocate]
[>> Free , slot.base=0, slot.size=1365552]
[1713215158.118900][/builder/omap/external_memory/server/serverAllocator.hpp:66]: [<< Free]
[>> Allocate , _size=1501040]
[1713215158.118974][/builder/omap/external_memory/server/serverAllocator.hpp:36]: [<< Allocate]
[>> Free , slot.base=0, slot.size=1501040]
[1713215159.290826][/builder/omap/external_memory/server/serverAllocator.hpp:66]: [<< Free]
[>> Allocate , _size=1501040]
[1713215159.290885][/builder/omap/external_memory/server/serverAllocator.hpp:36]: [<< Allocate]
[>> Free , slot.base=0, slot.size=1501040]
[1713215160.396425][/builder/omap/external_memory/server/serverAllocator.hpp:66]: [<< Free]
[>> Allocate , _size=1501040]
[1713215160.396490][/builder/omap/external_memory/server/serverAllocator.hpp:36]: [<< Allocate]
[>> Free , slot.base=0, slot.size=1501040]
[1713215161.493304][/builder/omap/external_memory/server/serverAllocator.hpp:66]: [<< Free]
[>> Allocate , _size=1501040]
[1713215161.493362][/builder/omap/external_memory/server/serverAllocator.hpp:36]: [<< Allocate]
[>> Free , slot.base=0, slot.size=1501040]
[1713215162.581463][/builder/omap/external_memory/server/serverAllocator.hpp:66]: [<< Free]
[>> Allocate , _size=1501040]
[1713215162.581551][/builder/omap/external_memory/server/serverAllocator.hpp:36]: [<< Allocate]
[>> Free , slot.base=0, slot.size=1501040]
[1713215163.635357][/builder/omap/external_memory/server/serverAllocator.hpp:66]: [<< Free]
[>> Allocate , _size=1501040]
[1713215163.635406][/builder/omap/external_memory/server/serverAllocator.hpp:36]: [<< Allocate]
[>> Free , slot.base=0, slot.size=1501040]
[1713215164.716919][/builder/omap/external_memory/server/serverAllocator.hpp:66]: [<< Free]
[>> Allocate , _size=1501040]
[1713215164.716967][/builder/omap/external_memory/server/serverAllocator.hpp:36]: [<< Allocate]
[>> Free , slot.base=0, slot.size=1501040]
[1713215165.802786][/builder/omap/external_memory/server/serverAllocator.hpp:66]: [<< Free]
[>> Allocate , _size=1501040]
[1713215165.802893][/builder/omap/external_memory/server/serverAllocator.hpp:36]: [<< Allocate]
[>> Free , slot.base=0, slot.size=1501040]
[1713215166.897741][/builder/omap/external_memory/server/serverAllocator.hpp:66]: [<< Free]
[>> Allocate , _size=1568784]
[1713215166.897774][/builder/omap/external_memory/server/serverAllocator.hpp:36]: [<< Allocate]
[>> Free , slot.base=0, slot.size=1568784]
[1713215167.993644][/builder/omap/external_memory/server/serverAllocator.hpp:66]: [<< Free]
[>> Allocate , _size=1568784]
[1713215167.993678][/builder/omap/external_memory/server/serverAllocator.hpp:36]: [<< Allocate]
[>> Free , slot.base=0, slot.size=1568784]
[1713215169.74052][/builder/omap/external_memory/server/serverAllocator.hpp:66]: [<< Free]
[>> Allocate , _size=1568784]
[1713215169.74115][/builder/omap/external_memory/server/serverAllocator.hpp:36]: [<< Allocate]
[>> Free , slot.base=0, slot.size=1568784]
[1713215170.161779][/builder/omap/external_memory/server/serverAllocator.hpp:66]: [<< Free]
[>> Allocate , _size=1568784]
[1713215170.161812][/builder/omap/external_memory/server/serverAllocator.hpp:36]: [<< Allocate]
[>> Free , slot.base=0, slot.size=1568784]
[1713215171.254946][/builder/omap/external_memory/server/serverAllocator.hpp:66]: [<< Free]
[>> Allocate , _size=1568784]
[1713215171.254980][/builder/omap/external_memory/server/serverAllocator.hpp:36]: [<< Allocate]
[>> Free , slot.base=0, slot.size=1568784]
[1713215172.348482][/builder/omap/external_memory/server/serverAllocator.hpp:66]: [<< Free]
[>> Allocate , _size=1568784]
[1713215172.348520][/builder/omap/external_memory/server/serverAllocator.hpp:36]: [<< Allocate]
[>> Free , slot.base=0, slot.size=1568784]
[1713215173.410369][/builder/omap/external_memory/server/serverAllocator.hpp:66]: [<< Free]
[>> Allocate , _size=1603120]
[1713215173.410394][/builder/omap/external_memory/server/serverAllocator.hpp:36]: [<< Allocate]
[>> Free , slot.base=0, slot.size=1603120]
[1713215174.527160][/builder/omap/external_memory/server/serverAllocator.hpp:66]: [<< Free]
[>> Allocate , _size=1603120]
[1713215174.527186][/builder/omap/external_memory/server/serverAllocator.hpp:36]: [<< Allocate]
[>> Free , slot.base=0, slot.size=1603120]
[1713215175.666246][/builder/omap/external_memory/server/serverAllocator.hpp:66]: [<< Free]
[>> Allocate , _size=1603120]
[1713215175.666276][/builder/omap/external_memory/server/serverAllocator.hpp:36]: [<< Allocate]
[>> Free , slot.base=0, slot.size=1603120]
[1713215176.775034][/builder/omap/external_memory/server/serverAllocator.hpp:66]: [<< Free]
[>> Allocate , _size=1603120]
[1713215176.775059][/builder/omap/external_memory/server/serverAllocator.hpp:36]: [<< Allocate]
[>> Free , slot.base=0, slot.size=1603120]
[1713215177.913641][/builder/omap/external_memory/server/serverAllocator.hpp:66]: [<< Free]
[>> Allocate , _size=1619824]
[1713215177.913669][/builder/omap/external_memory/server/serverAllocator.hpp:36]: [<< Allocate]
[>> Free , slot.base=0, slot.size=1619824]
[1713215179.202229][/builder/omap/external_memory/server/serverAllocator.hpp:66]: [<< Free]
[>> Allocate , _size=1619824]
[1713215179.202253][/builder/omap/external_memory/server/serverAllocator.hpp:36]: [<< Allocate]
[>> Free , slot.base=0, slot.size=1619824]
[1713215180.504896][/builder/omap/external_memory/server/serverAllocator.hpp:66]: [<< Free]
[>> Allocate , _size=1628176]
[1713215180.504916][/builder/omap/external_memory/server/serverAllocator.hpp:36]: [<< Allocate]
[>> Free , slot.base=0, slot.size=1628176]
[1713215181.707789][/builder/omap/external_memory/server/serverAllocator.hpp:66]: [<< Free]
[>> Allocate , _size=1634672]
[1713215181.707811][/builder/omap/external_memory/server/serverAllocator.hpp:36]: [<< Allocate]
[>> Free , slot.base=0, slot.size=1634672]
[1713215183.86484][/builder/omap/external_memory/server/serverAllocator.hpp:66]: [<< Free]
[       OK ] CircuitORAM.VariousSizes (61078 ms)
[----------] 1 test from CircuitORAM (61078 ms total)

[----------] Global test environment tear-down
[==========] 1 test from 1 test suite ran. (61078 ms total)
[  PASSED  ] 1 test.
TimeTracker::Log:
<end of output>
Test time =  61.08 sec
----------------------------------------------------------
Test Passed.
"CircuitORAM.VariousSizes" end time: Apr 15 22:06 WEST
"CircuitORAM.VariousSizes" time elapsed: 00:01:01
----------------------------------------------------------

22/49 Testing: CircuitORAM.ReadPerf
22/49 Test: CircuitORAM.ReadPerf
Command: "/builder/build/tests/test_oram" "--gtest_filter=CircuitORAM.ReadPerf" "--gtest_also_run_disabled_tests"
Directory: /builder/build/tests
"CircuitORAM.ReadPerf" start time: Apr 15 22:06 WEST
Output:
----------------------------------------------------------
Building tracker with 6 total tracers.
Building profiler with 6 total tracers.
Building MaxTracker
Installing signal handler
Running main() from /builder/build/_deps/googletest-src/googletest/src/gtest_main.cc
Note: Google Test filter = CircuitORAM.ReadPerf
[==========] Running 1 test from 1 test suite.
[----------] Global test environment set-up.
Installing signal handler
[----------] 1 test from CircuitORAM
[ RUN      ] CircuitORAM.ReadPerf
Time per access (128 bytes element): 83.128371 us
[       OK ] CircuitORAM.ReadPerf (252184 ms)
[----------] 1 test from CircuitORAM (252184 ms total)

[----------] Global test environment tear-down
[==========] 1 test from 1 test suite ran. (252184 ms total)
[  PASSED  ] 1 test.
TimeTracker::Log:
<end of output>
Test time = 252.19 sec
----------------------------------------------------------
Test Passed.
"CircuitORAM.ReadPerf" end time: Apr 15 22:10 WEST
"CircuitORAM.ReadPerf" time elapsed: 00:04:12
----------------------------------------------------------

23/49 Testing: CircuitORAM.testInitWithReader
23/49 Test: CircuitORAM.testInitWithReader
Command: "/builder/build/tests/test_oram" "--gtest_filter=CircuitORAM.testInitWithReader" "--gtest_also_run_disabled_tests"
Directory: /builder/build/tests
"CircuitORAM.testInitWithReader" start time: Apr 15 22:10 WEST
Output:
----------------------------------------------------------
Building tracker with 6 total tracers.
Building profiler with 6 total tracers.
Building MaxTracker
Installing signal handler
Running main() from /builder/build/_deps/googletest-src/googletest/src/gtest_main.cc
Note: Google Test filter = CircuitORAM.testInitWithReader
[==========] Running 1 test from 1 test suite.
[----------] Global test environment set-up.
Installing signal handler
[----------] 1 test from CircuitORAM
[ RUN      ] CircuitORAM.testInitWithReader
Time for initializing 1 elements of 128 bytes: 0.000461 s
Time for initializing 1 elements of 128 bytes: 0.000056 s
Time for initializing 2 elements of 128 bytes: 0.000113 s
Time for initializing 3 elements of 128 bytes: 0.000174 s
Time for initializing 5 elements of 128 bytes: 0.000294 s
Time for initializing 18 elements of 128 bytes: 0.001148 s
Time for initializing 22 elements of 128 bytes: 0.001400 s
Time for initializing 30 elements of 128 bytes: 0.002284 s
Time for initializing 70 elements of 128 bytes: 0.004849 s
Time for initializing 71 elements of 128 bytes: 0.005251 s
Time for initializing 301 elements of 128 bytes: 0.029584 s
Time for initializing 376 elements of 128 bytes: 0.032813 s
Time for initializing 568 elements of 128 bytes: 0.046074 s
Time for initializing 569 elements of 128 bytes: 0.044300 s
Time for initializing 1111 elements of 128 bytes: 0.103505 s
Time for initializing 2537 elements of 128 bytes: 0.232658 s
Time for initializing 6858 elements of 128 bytes: 0.660674 s
Time for initializing 30178 elements of 128 bytes: 3.125046 s
Time for initializing 39682 elements of 128 bytes: 4.120419 s
Time for initializing 55555 elements of 128 bytes: 5.879570 s
Time for initializing 111111 elements of 128 bytes: 11.795853 s
[       OK ] CircuitORAM.testInitWithReader (87076 ms)
[----------] 1 test from CircuitORAM (87076 ms total)

[----------] Global test environment tear-down
[==========] 1 test from 1 test suite ran. (87076 ms total)
[  PASSED  ] 1 test.
TimeTracker::Log:
<end of output>
Test time =  87.08 sec
----------------------------------------------------------
Test Passed.
"CircuitORAM.testInitWithReader" end time: Apr 15 22:12 WEST
"CircuitORAM.testInitWithReader" time elapsed: 00:01:27
----------------------------------------------------------

24/49 Testing: LinearORAM.testBatchReadWriteNaive
24/49 Test: LinearORAM.testBatchReadWriteNaive
Command: "/builder/build/tests/test_oram" "--gtest_filter=LinearORAM.testBatchReadWriteNaive" "--gtest_also_run_disabled_tests"
Directory: /builder/build/tests
"LinearORAM.testBatchReadWriteNaive" start time: Apr 15 22:12 WEST
Output:
----------------------------------------------------------
Building tracker with 6 total tracers.
Building profiler with 6 total tracers.
Building MaxTracker
Installing signal handler
Running main() from /builder/build/_deps/googletest-src/googletest/src/gtest_main.cc
Note: Google Test filter = LinearORAM.testBatchReadWriteNaive
[==========] Running 1 test from 1 test suite.
[----------] Global test environment set-up.
Installing signal handler
[----------] 1 test from LinearORAM
[ RUN      ] LinearORAM.testBatchReadWriteNaive
[       OK ] LinearORAM.testBatchReadWriteNaive (55669 ms)
[----------] 1 test from LinearORAM (55669 ms total)

[----------] Global test environment tear-down
[==========] 1 test from 1 test suite ran. (55669 ms total)
[  PASSED  ] 1 test.
TimeTracker::Log:
<end of output>
Test time =  55.67 sec
----------------------------------------------------------
Test Passed.
"LinearORAM.testBatchReadWriteNaive" end time: Apr 15 22:12 WEST
"LinearORAM.testBatchReadWriteNaive" time elapsed: 00:00:55
----------------------------------------------------------

25/49 Testing: LinearORAM.testBatchReadWriteCompact
25/49 Test: LinearORAM.testBatchReadWriteCompact
Command: "/builder/build/tests/test_oram" "--gtest_filter=LinearORAM.testBatchReadWriteCompact" "--gtest_also_run_disabled_tests"
Directory: /builder/build/tests
"LinearORAM.testBatchReadWriteCompact" start time: Apr 15 22:12 WEST
Output:
----------------------------------------------------------
Building tracker with 6 total tracers.
Building profiler with 6 total tracers.
Building MaxTracker
Installing signal handler
Running main() from /builder/build/_deps/googletest-src/googletest/src/gtest_main.cc
Note: Google Test filter = LinearORAM.testBatchReadWriteCompact
[==========] Running 1 test from 1 test suite.
[----------] Global test environment set-up.
Installing signal handler
[----------] 1 test from LinearORAM
[ RUN      ] LinearORAM.testBatchReadWriteCompact
[       OK ] LinearORAM.testBatchReadWriteCompact (40595 ms)
[----------] 1 test from LinearORAM (40595 ms total)

[----------] Global test environment tear-down
[==========] 1 test from 1 test suite ran. (40595 ms total)
[  PASSED  ] 1 test.
TimeTracker::Log:
<end of output>
Test time =  40.60 sec
----------------------------------------------------------
Test Passed.
"LinearORAM.testBatchReadWriteCompact" end time: Apr 15 22:13 WEST
"LinearORAM.testBatchReadWriteCompact" time elapsed: 00:00:40
----------------------------------------------------------

26/49 Testing: AdaptiveORAM.testThreshold
26/49 Test: AdaptiveORAM.testThreshold
Command: "/builder/build/tests/test_oram" "--gtest_filter=AdaptiveORAM.testThreshold" "--gtest_also_run_disabled_tests"
Directory: /builder/build/tests
"AdaptiveORAM.testThreshold" start time: Apr 15 22:13 WEST
Output:
----------------------------------------------------------
Building tracker with 6 total tracers.
Building profiler with 6 total tracers.
Building MaxTracker
Installing signal handler
Running main() from /builder/build/_deps/googletest-src/googletest/src/gtest_main.cc
Note: Google Test filter = AdaptiveORAM.testThreshold
[==========] Running 1 test from 1 test suite.
[----------] Global test environment set-up.
Installing signal handler
[----------] 1 test from AdaptiveORAM
[ RUN      ] AdaptiveORAM.testThreshold
/builder/tests/oram.cpp:568: Skipped

[  SKIPPED ] AdaptiveORAM.testThreshold (0 ms)
[----------] 1 test from AdaptiveORAM (0 ms total)

[----------] Global test environment tear-down
[==========] 1 test from 1 test suite ran. (0 ms total)
[  PASSED  ] 0 tests.
[  SKIPPED ] 1 test, listed below:
[  SKIPPED ] AdaptiveORAM.testThreshold
TimeTracker::Log:
<end of output>
Test time =   0.01 sec
----------------------------------------------------------
Test Pass Reason:
Skip regular expression found in output. Regex=[\[  SKIPPED \]]
"AdaptiveORAM.testThreshold" end time: Apr 15 22:13 WEST
"AdaptiveORAM.testThreshold" time elapsed: 00:00:00
----------------------------------------------------------

27/49 Testing: RecursiveORAM.testInitDefault
27/49 Test: RecursiveORAM.testInitDefault
Command: "/builder/build/tests/test_oram" "--gtest_filter=RecursiveORAM.testInitDefault" "--gtest_also_run_disabled_tests"
Directory: /builder/build/tests
"RecursiveORAM.testInitDefault" start time: Apr 15 22:13 WEST
Output:
----------------------------------------------------------
Building tracker with 6 total tracers.
Building profiler with 6 total tracers.
Building MaxTracker
Installing signal handler
Running main() from /builder/build/_deps/googletest-src/googletest/src/gtest_main.cc
Note: Google Test filter = RecursiveORAM.testInitDefault
[==========] Running 1 test from 1 test suite.
[----------] Global test environment set-up.
Installing signal handler
[----------] 1 test from RecursiveORAM
[ RUN      ] RecursiveORAM.testInitDefault
[       OK ] RecursiveORAM.testInitDefault (831 ms)
[----------] 1 test from RecursiveORAM (831 ms total)

[----------] Global test environment tear-down
[==========] 1 test from 1 test suite ran. (831 ms total)
[  PASSED  ] 1 test.
TimeTracker::Log:
<end of output>
Test time =   0.84 sec
----------------------------------------------------------
Test Passed.
"RecursiveORAM.testInitDefault" end time: Apr 15 22:13 WEST
"RecursiveORAM.testInitDefault" time elapsed: 00:00:00
----------------------------------------------------------

28/49 Testing: RecursiveORAM.testReadAfterWrite
28/49 Test: RecursiveORAM.testReadAfterWrite
Command: "/builder/build/tests/test_oram" "--gtest_filter=RecursiveORAM.testReadAfterWrite" "--gtest_also_run_disabled_tests"
Directory: /builder/build/tests
"RecursiveORAM.testReadAfterWrite" start time: Apr 15 22:13 WEST
Output:
----------------------------------------------------------
Building tracker with 6 total tracers.
Building profiler with 6 total tracers.
Building MaxTracker
Installing signal handler
Running main() from /builder/build/_deps/googletest-src/googletest/src/gtest_main.cc
Note: Google Test filter = RecursiveORAM.testReadAfterWrite
[==========] Running 1 test from 1 test suite.
[----------] Global test environment set-up.
Installing signal handler
[----------] 1 test from RecursiveORAM
[ RUN      ] RecursiveORAM.testReadAfterWrite
[       OK ] RecursiveORAM.testReadAfterWrite (68 ms)
[----------] 1 test from RecursiveORAM (68 ms total)

[----------] Global test environment tear-down
[==========] 1 test from 1 test suite ran. (68 ms total)
[  PASSED  ] 1 test.
TimeTracker::Log:
<end of output>
Test time =   0.07 sec
----------------------------------------------------------
Test Passed.
"RecursiveORAM.testReadAfterWrite" end time: Apr 15 22:13 WEST
"RecursiveORAM.testReadAfterWrite" time elapsed: 00:00:00
----------------------------------------------------------

29/49 Testing: RecursiveORAM.testReadAfterInit
29/49 Test: RecursiveORAM.testReadAfterInit
Command: "/builder/build/tests/test_oram" "--gtest_filter=RecursiveORAM.testReadAfterInit" "--gtest_also_run_disabled_tests"
Directory: /builder/build/tests
"RecursiveORAM.testReadAfterInit" start time: Apr 15 22:13 WEST
Output:
----------------------------------------------------------
Building tracker with 6 total tracers.
Building profiler with 6 total tracers.
Building MaxTracker
Installing signal handler
Running main() from /builder/build/_deps/googletest-src/googletest/src/gtest_main.cc
Note: Google Test filter = RecursiveORAM.testReadAfterInit
[==========] Running 1 test from 1 test suite.
[----------] Global test environment set-up.
Installing signal handler
[----------] 1 test from RecursiveORAM
[ RUN      ] RecursiveORAM.testReadAfterInit
[       OK ] RecursiveORAM.testReadAfterInit (2344 ms)
[----------] 1 test from RecursiveORAM (2344 ms total)

[----------] Global test environment tear-down
[==========] 1 test from 1 test suite ran. (2344 ms total)
[  PASSED  ] 1 test.
TimeTracker::Log:
<end of output>
Test time =   2.35 sec
----------------------------------------------------------
Test Passed.
"RecursiveORAM.testReadAfterInit" end time: Apr 15 22:13 WEST
"RecursiveORAM.testReadAfterInit" time elapsed: 00:00:02
----------------------------------------------------------

30/49 Testing: RecursiveORAM.testMixed
30/49 Test: RecursiveORAM.testMixed
Command: "/builder/build/tests/test_oram" "--gtest_filter=RecursiveORAM.testMixed" "--gtest_also_run_disabled_tests"
Directory: /builder/build/tests
"RecursiveORAM.testMixed" start time: Apr 15 22:13 WEST
Output:
----------------------------------------------------------
Building tracker with 6 total tracers.
Building profiler with 6 total tracers.
Building MaxTracker
Installing signal handler
Running main() from /builder/build/_deps/googletest-src/googletest/src/gtest_main.cc
Note: Google Test filter = RecursiveORAM.testMixed
[==========] Running 1 test from 1 test suite.
[----------] Global test environment set-up.
Installing signal handler
[----------] 1 test from RecursiveORAM
[ RUN      ] RecursiveORAM.testMixed
[>> Allocate , _size=49104]
[1713215621.909772][/builder/omap/external_memory/server/serverAllocator.hpp:36]: [<< Allocate]
[>> Free , slot.base=0, slot.size=49104]
[1713215681.804033][/builder/omap/external_memory/server/serverAllocator.hpp:66]: [<< Free]
[       OK ] RecursiveORAM.testMixed (59891 ms)
[----------] 1 test from RecursiveORAM (59891 ms total)

[----------] Global test environment tear-down
[==========] 1 test from 1 test suite ran. (59892 ms total)
[  PASSED  ] 1 test.
TimeTracker::Log:
<end of output>
Test time =  59.90 sec
----------------------------------------------------------
Test Passed.
"RecursiveORAM.testMixed" end time: Apr 15 22:14 WEST
"RecursiveORAM.testMixed" time elapsed: 00:00:59
----------------------------------------------------------

31/49 Testing: RecursiveORAM.testBatchAccessDefer
31/49 Test: RecursiveORAM.testBatchAccessDefer
Command: "/builder/build/tests/test_oram" "--gtest_filter=RecursiveORAM.testBatchAccessDefer" "--gtest_also_run_disabled_tests"
Directory: /builder/build/tests
"RecursiveORAM.testBatchAccessDefer" start time: Apr 15 22:14 WEST
Output:
----------------------------------------------------------
Building tracker with 6 total tracers.
Building profiler with 6 total tracers.
Building MaxTracker
Installing signal handler
Running main() from /builder/build/_deps/googletest-src/googletest/src/gtest_main.cc
Note: Google Test filter = RecursiveORAM.testBatchAccessDefer
[==========] Running 1 test from 1 test suite.
[----------] Global test environment set-up.
Installing signal handler
[----------] 1 test from RecursiveORAM
[ RUN      ] RecursiveORAM.testBatchAccessDefer
[       OK ] RecursiveORAM.testBatchAccessDefer (34530 ms)
[----------] 1 test from RecursiveORAM (34530 ms total)

[----------] Global test environment tear-down
[==========] 1 test from 1 test suite ran. (34530 ms total)
[  PASSED  ] 1 test.
TimeTracker::Log:
<end of output>
Test time =  34.54 sec
----------------------------------------------------------
Test Passed.
"RecursiveORAM.testBatchAccessDefer" end time: Apr 15 22:15 WEST
"RecursiveORAM.testBatchAccessDefer" time elapsed: 00:00:34
----------------------------------------------------------

32/49 Testing: RecursiveORAM.testBatchAccessDeferLarge
32/49 Test: RecursiveORAM.testBatchAccessDeferLarge
Command: "/builder/build/tests/test_oram" "--gtest_filter=RecursiveORAM.testBatchAccessDeferLarge" "--gtest_also_run_disabled_tests"
Directory: /builder/build/tests
"RecursiveORAM.testBatchAccessDeferLarge" start time: Apr 15 22:15 WEST
Output:
----------------------------------------------------------
Building tracker with 6 total tracers.
Building profiler with 6 total tracers.
Building MaxTracker
Installing signal handler
Running main() from /builder/build/_deps/googletest-src/googletest/src/gtest_main.cc
Note: Google Test filter = RecursiveORAM.testBatchAccessDeferLarge
[==========] Running 1 test from 1 test suite.
[----------] Global test environment set-up.
Installing signal handler
[----------] 1 test from RecursiveORAM
[ RUN      ] RecursiveORAM.testBatchAccessDeferLarge
[>> Allocate , _size=7089360]
[1713215716.365481][/builder/omap/external_memory/server/serverAllocator.hpp:36]: [<< Allocate]
[>> Allocate , _size=347725280]
[1713215716.388801][/builder/omap/external_memory/server/serverAllocator.hpp:36]: [<< Allocate]
[>> Free , slot.base=7089360, slot.size=347725280]
[1713215975.51793][/builder/omap/external_memory/server/serverAllocator.hpp:66]: [<< Free]
[>> Free , slot.base=0, slot.size=7089360]
[1713215975.52864][/builder/omap/external_memory/server/serverAllocator.hpp:66]: [<< Free]
[       OK ] RecursiveORAM.testBatchAccessDeferLarge (258710 ms)
[----------] 1 test from RecursiveORAM (258710 ms total)

[----------] Global test environment tear-down
[==========] 1 test from 1 test suite ran. (258710 ms total)
[  PASSED  ] 1 test.
TimeTracker::Log:
<end of output>
Test time = 258.75 sec
----------------------------------------------------------
Test Passed.
"RecursiveORAM.testBatchAccessDeferLarge" end time: Apr 15 22:19 WEST
"RecursiveORAM.testBatchAccessDeferLarge" time elapsed: 00:04:18
----------------------------------------------------------

33/49 Testing: Cuckoo.OHashMapNonOblivious
33/49 Test: Cuckoo.OHashMapNonOblivious
Command: "/builder/build/tests/test_cuckoo" "--gtest_filter=Cuckoo.OHashMapNonOblivious" "--gtest_also_run_disabled_tests"
Directory: /builder/build/tests
"Cuckoo.OHashMapNonOblivious" start time: Apr 15 22:19 WEST
Output:
----------------------------------------------------------
Running main() from /builder/build/_deps/googletest-src/googletest/src/gtest_main.cc
Note: Google Test filter = Cuckoo.OHashMapNonOblivious
[==========] Running 1 test from 1 test suite.
[----------] Global test environment set-up.
[----------] 1 test from Cuckoo
[ RUN      ] Cuckoo.OHashMapNonOblivious
[       OK ] Cuckoo.OHashMapNonOblivious (59 ms)
[----------] 1 test from Cuckoo (59 ms total)

[----------] Global test environment tear-down
[==========] 1 test from 1 test suite ran. (59 ms total)
[  PASSED  ] 1 test.
<end of output>
Test time =   0.07 sec
----------------------------------------------------------
Test Passed.
"Cuckoo.OHashMapNonOblivious" end time: Apr 15 22:19 WEST
"Cuckoo.OHashMapNonOblivious" time elapsed: 00:00:00
----------------------------------------------------------

34/49 Testing: Cuckoo.OHashMapOblivious
34/49 Test: Cuckoo.OHashMapOblivious
Command: "/builder/build/tests/test_cuckoo" "--gtest_filter=Cuckoo.OHashMapOblivious" "--gtest_also_run_disabled_tests"
Directory: /builder/build/tests
"Cuckoo.OHashMapOblivious" start time: Apr 15 22:19 WEST
Output:
----------------------------------------------------------
Running main() from /builder/build/_deps/googletest-src/googletest/src/gtest_main.cc
Note: Google Test filter = Cuckoo.OHashMapOblivious
[==========] Running 1 test from 1 test suite.
[----------] Global test environment set-up.
[----------] 1 test from Cuckoo
[ RUN      ] Cuckoo.OHashMapOblivious
[       OK ] Cuckoo.OHashMapOblivious (420 ms)
[----------] 1 test from Cuckoo (420 ms total)

[----------] Global test environment tear-down
[==========] 1 test from 1 test suite ran. (420 ms total)
[  PASSED  ] 1 test.
<end of output>
Test time =   0.42 sec
----------------------------------------------------------
Test Passed.
"Cuckoo.OHashMapOblivious" end time: Apr 15 22:19 WEST
"Cuckoo.OHashMapOblivious" time elapsed: 00:00:00
----------------------------------------------------------

35/49 Testing: Cuckoo.OHashMapInitFromReaderNonOblivious
35/49 Test: Cuckoo.OHashMapInitFromReaderNonOblivious
Command: "/builder/build/tests/test_cuckoo" "--gtest_filter=Cuckoo.OHashMapInitFromReaderNonOblivious" "--gtest_also_run_disabled_tests"
Directory: /builder/build/tests
"Cuckoo.OHashMapInitFromReaderNonOblivious" start time: Apr 15 22:19 WEST
Output:
----------------------------------------------------------
Running main() from /builder/build/_deps/googletest-src/googletest/src/gtest_main.cc
Note: Google Test filter = Cuckoo.OHashMapInitFromReaderNonOblivious
[==========] Running 1 test from 1 test suite.
[----------] Global test environment set-up.
[----------] 1 test from Cuckoo
[ RUN      ] Cuckoo.OHashMapInitFromReaderNonOblivious
[       OK ] Cuckoo.OHashMapInitFromReaderNonOblivious (5745 ms)
[----------] 1 test from Cuckoo (5745 ms total)

[----------] Global test environment tear-down
[==========] 1 test from 1 test suite ran. (5745 ms total)
[  PASSED  ] 1 test.
<end of output>
Test time =   5.75 sec
----------------------------------------------------------
Test Passed.
"Cuckoo.OHashMapInitFromReaderNonOblivious" end time: Apr 15 22:19 WEST
"Cuckoo.OHashMapInitFromReaderNonOblivious" time elapsed: 00:00:05
----------------------------------------------------------

36/49 Testing: Cuckoo.OHashMapInitFromReaderOblivious
36/49 Test: Cuckoo.OHashMapInitFromReaderOblivious
Command: "/builder/build/tests/test_cuckoo" "--gtest_filter=Cuckoo.OHashMapInitFromReaderOblivious" "--gtest_also_run_disabled_tests"
Directory: /builder/build/tests
"Cuckoo.OHashMapInitFromReaderOblivious" start time: Apr 15 22:19 WEST
Output:
----------------------------------------------------------
Running main() from /builder/build/_deps/googletest-src/googletest/src/gtest_main.cc
Note: Google Test filter = Cuckoo.OHashMapInitFromReaderOblivious
[==========] Running 1 test from 1 test suite.
[----------] Global test environment set-up.
[----------] 1 test from Cuckoo
[ RUN      ] Cuckoo.OHashMapInitFromReaderOblivious
[>> Allocate , _size=71480]
[1713215981.348035][/builder/omap/external_memory/server/serverAllocator.hpp:36]: [<< Allocate]
[>> Allocate , _size=20280]
[1713215981.349450][/builder/omap/external_memory/server/serverAllocator.hpp:36]: [<< Allocate]
[>> Free , slot.base=71480, slot.size=20280]
[1713215981.438298][/builder/omap/external_memory/server/serverAllocator.hpp:66]: [<< Free]
[>> Free , slot.base=0, slot.size=71480]
[1713215981.438320][/builder/omap/external_memory/server/serverAllocator.hpp:66]: [<< Free]
[>> Allocate , _size=71480]
[1713215984.862321][/builder/omap/external_memory/server/serverAllocator.hpp:36]: [<< Allocate]
[>> Allocate , _size=20280]
[1713215984.864247][/builder/omap/external_memory/server/serverAllocator.hpp:36]: [<< Allocate]
[>> Free , slot.base=71480, slot.size=20280]
[1713215984.961801][/builder/omap/external_memory/server/serverAllocator.hpp:66]: [<< Free]
[>> Free , slot.base=0, slot.size=71480]
[1713215984.961824][/builder/omap/external_memory/server/serverAllocator.hpp:66]: [<< Free]
[>> Allocate , _size=71480]
[1713215988.443336][/builder/omap/external_memory/server/serverAllocator.hpp:36]: [<< Allocate]
[>> Allocate , _size=20280]
[1713215988.444844][/builder/omap/external_memory/server/serverAllocator.hpp:36]: [<< Allocate]
[>> Free , slot.base=71480, slot.size=20280]
[1713215988.539688][/builder/omap/external_memory/server/serverAllocator.hpp:66]: [<< Free]
[>> Free , slot.base=0, slot.size=71480]
[1713215988.539716][/builder/omap/external_memory/server/serverAllocator.hpp:66]: [<< Free]
[>> Allocate , _size=71480]
[1713215991.998600][/builder/omap/external_memory/server/serverAllocator.hpp:36]: [<< Allocate]
[>> Allocate , _size=20280]
[1713215991.999909][/builder/omap/external_memory/server/serverAllocator.hpp:36]: [<< Allocate]
[>> Free , slot.base=71480, slot.size=20280]
[1713215992.104316][/builder/omap/external_memory/server/serverAllocator.hpp:66]: [<< Free]
[>> Free , slot.base=0, slot.size=71480]
[1713215992.104338][/builder/omap/external_memory/server/serverAllocator.hpp:66]: [<< Free]
[>> Allocate , _size=71480]
[1713215995.500037][/builder/omap/external_memory/server/serverAllocator.hpp:36]: [<< Allocate]
[>> Allocate , _size=20280]
[1713215995.501346][/builder/omap/external_memory/server/serverAllocator.hpp:36]: [<< Allocate]
[>> Free , slot.base=71480, slot.size=20280]
[1713215995.588571][/builder/omap/external_memory/server/serverAllocator.hpp:66]: [<< Free]
[>> Free , slot.base=0, slot.size=71480]
[1713215995.588598][/builder/omap/external_memory/server/serverAllocator.hpp:66]: [<< Free]
[>> Allocate , _size=71480]
[1713215999.82782][/builder/omap/external_memory/server/serverAllocator.hpp:36]: [<< Allocate]
[>> Allocate , _size=20280]
[1713215999.84474][/builder/omap/external_memory/server/serverAllocator.hpp:36]: [<< Allocate]
[>> Free , slot.base=71480, slot.size=20280]
[1713215999.190831][/builder/omap/external_memory/server/serverAllocator.hpp:66]: [<< Free]
[>> Free , slot.base=0, slot.size=71480]
[1713215999.190857][/builder/omap/external_memory/server/serverAllocator.hpp:66]: [<< Free]
[>> Allocate , _size=71480]
[1713216002.608460][/builder/omap/external_memory/server/serverAllocator.hpp:36]: [<< Allocate]
[>> Allocate , _size=20280]
[...]
[1713217055.835088][/builder/omap/external_memory/server/serverAllocator.hpp:36]: [<< Allocate]
[>> Allocate , _size=2788464]
[1713217055.854800][/builder/omap/external_memory/server/serverAllocator.hpp:36]: [<< Allocate]
[>> Allocate , _size=24118416]
[1713217055.858401][/builder/omap/external_memory/server/serverAllocator.hpp:36]: [<< Allocate]
[>> Allocate , _size=2788464]
[1713217055.880048][/builder/omap/external_memory/server/serverAllocator.hpp:36]: [<< Allocate]
[>> Allocate , _size=24118416]
[1713217055.883443][/builder/omap/external_memory/server/serverAllocator.hpp:36]: [<< Allocate]
[>> Allocate , _size=2788464]
[1713217055.910286][/builder/omap/external_memory/server/serverAllocator.hpp:36]: [<< Allocate]
[>> Allocate , _size=24118416]
[1713217055.916339][/builder/omap/external_memory/server/serverAllocator.hpp:36]: [<< Allocate]
[>> Allocate , _size=2788464]
[1713217055.952559][/builder/omap/external_memory/server/serverAllocator.hpp:36]: [<< Allocate]
[>> Allocate , _size=24118416]
[1713217055.961044][/builder/omap/external_memory/server/serverAllocator.hpp:36]: [<< Allocate]
[>> Allocate , _size=2788464]
[1713217055.981570][/builder/omap/external_memory/server/serverAllocator.hpp:36]: [<< Allocate]
[>> Allocate , _size=24118416]
[1713217055.985142][/builder/omap/external_memory/server/serverAllocator.hpp:36]: [<< Allocate]
[>> Free , slot.base=175744448, slot.size=6475072]
[1713217068.723849][/builder/omap/external_memory/server/serverAllocator.hpp:66]: [<< Free]
[>> Free , slot.base=169203840, slot.size=6540608]
[1713217068.723981][/builder/omap/external_memory/server/serverAllocator.hpp:66]: [<< Free]
[>> Free , slot.base=71619008, slot.size=6475072]
[1713217068.754775][/builder/omap/external_memory/server/serverAllocator.hpp:66]: [<< Free]
[>> Free , slot.base=65078400, slot.size=6540608]
[1713217068.754978][/builder/omap/external_memory/server/serverAllocator.hpp:66]: [<< Free]
[>> Free , slot.base=45587648, slot.size=6475072]
[1713217068.840495][/builder/omap/external_memory/server/serverAllocator.hpp:66]: [<< Free]
[>> Free , slot.base=39047040, slot.size=6540608]
[1713217068.840511][/builder/omap/external_memory/server/serverAllocator.hpp:66]: [<< Free]
[>> Free , slot.base=123681728, slot.size=6475072]
[1713217068.896763][/builder/omap/external_memory/server/serverAllocator.hpp:66]: [<< Free]
[>> Free , slot.base=117141120, slot.size=6540608]
[1713217068.896782][/builder/omap/external_memory/server/serverAllocator.hpp:66]: [<< Free]
[>> Free , slot.base=188760128, slot.size=6475072]
[1713217068.907458][/builder/omap/external_memory/server/serverAllocator.hpp:66]: [<< Free]
[>> Free , slot.base=182219520, slot.size=6540608]
[1713217068.907478][/builder/omap/external_memory/server/serverAllocator.hpp:66]: [<< Free]
[>> Free , slot.base=58603328, slot.size=6475072]
[1713217068.959648][/builder/omap/external_memory/server/serverAllocator.hpp:66]: [<< Free]
[>> Free , slot.base=52062720, slot.size=6540608]
[1713217068.959664][/builder/omap/external_memory/server/serverAllocator.hpp:66]: [<< Free]
[>> Free , slot.base=84634688, slot.size=6475072]
[1713217068.960947][/builder/omap/external_memory/server/serverAllocator.hpp:66]: [<< Free]
[>> Free , slot.base=78094080, slot.size=6540608]
[1713217068.960963][/builder/omap/external_memory/server/serverAllocator.hpp:66]: [<< Free]
[>> Free , slot.base=201775808, slot.size=6475072]
[1713217069.978][/builder/omap/external_memory/server/serverAllocator.hpp:66]: [<< Free]
[>> Free , slot.base=195235200, slot.size=6540608]
[1713217069.993][/builder/omap/external_memory/server/serverAllocator.hpp:66]: [<< Free]
[>> Free , slot.base=149713088, slot.size=6475072]
[1713217069.174610][/builder/omap/external_memory/server/serverAllocator.hpp:66]: [<< Free]
[>> Free , slot.base=143172480, slot.size=6540608]
[1713217069.174622][/builder/omap/external_memory/server/serverAllocator.hpp:66]: [<< Free]
[>> Free , slot.base=136697408, slot.size=6475072]
[1713217069.181066][/builder/omap/external_memory/server/serverAllocator.hpp:66]: [<< Free]
[>> Free , slot.base=130156800, slot.size=6540608]
[1713217069.181077][/builder/omap/external_memory/server/serverAllocator.hpp:66]: [<< Free]
[>> Free , slot.base=32571968, slot.size=6475072]
[1713217069.377279][/builder/omap/external_memory/server/serverAllocator.hpp:66]: [<< Free]
[>> Free , slot.base=26031360, slot.size=6540608]
[1713217069.377296][/builder/omap/external_memory/server/serverAllocator.hpp:66]: [<< Free]
[>> Free , slot.base=19556288, slot.size=6475072]
[1713217069.644191][/builder/omap/external_memory/server/serverAllocator.hpp:66]: [<< Free]
[>> Free , slot.base=13015680, slot.size=6540608]
[1713217069.644208][/builder/omap/external_memory/server/serverAllocator.hpp:66]: [<< Free]
[>> Free , slot.base=162728768, slot.size=6475072]
[1713217070.866201][/builder/omap/external_memory/server/serverAllocator.hpp:66]: [<< Free]
[>> Free , slot.base=156188160, slot.size=6540608]
[1713217070.866213][/builder/omap/external_memory/server/serverAllocator.hpp:66]: [<< Free]
[>> Free , slot.base=97650368, slot.size=6475072]
[1713217071.201992][/builder/omap/external_memory/server/serverAllocator.hpp:66]: [<< Free]
[>> Free , slot.base=91109760, slot.size=6540608]
[1713217071.202011][/builder/omap/external_memory/server/serverAllocator.hpp:66]: [<< Free]
[>> Free , slot.base=6540608, slot.size=6475072]
[1713217071.263758][/builder/omap/external_memory/server/serverAllocator.hpp:66]: [<< Free]
[>> Free , slot.base=0, slot.size=6540608]
[1713217071.263769][/builder/omap/external_memory/server/serverAllocator.hpp:66]: [<< Free]
[>> Free , slot.base=110666048, slot.size=6475072]
[1713217071.311385][/builder/omap/external_memory/server/serverAllocator.hpp:66]: [<< Free]
[>> Free , slot.base=104125440, slot.size=6540608]
[1713217071.311396][/builder/omap/external_memory/server/serverAllocator.hpp:66]: [<< Free]
[>> Free , slot.base=237946224, slot.size=24118416]
[1713217078.566951][/builder/omap/external_memory/server/serverAllocator.hpp:66]: [<< Free]
[>> Free , slot.base=235157760, slot.size=2788464]
[1713217078.566977][/builder/omap/external_memory/server/serverAllocator.hpp:66]: [<< Free]
[>> Free , slot.base=211039344, slot.size=24118416]
[1713217078.566987][/builder/omap/external_memory/server/serverAllocator.hpp:66]: [<< Free]
[>> Free , slot.base=208250880, slot.size=2788464]
[1713217078.566996][/builder/omap/external_memory/server/serverAllocator.hpp:66]: [<< Free]
[>> Free , slot.base=291759984, slot.size=24118416]
[1713217078.567008][/builder/omap/external_memory/server/serverAllocator.hpp:66]: [<< Free]
[>> Free , slot.base=288971520, slot.size=2788464]
[1713217078.567017][/builder/omap/external_memory/server/serverAllocator.hpp:66]: [<< Free]
[>> Free , slot.base=264853104, slot.size=24118416]
[1713217078.567028][/builder/omap/external_memory/server/serverAllocator.hpp:66]: [<< Free]
[>> Free , slot.base=262064640, slot.size=2788464]
[1713217078.567035][/builder/omap/external_memory/server/serverAllocator.hpp:66]: [<< Free]
[>> Free , slot.base=345573744, slot.size=24118416]
[1713217078.567046][/builder/omap/external_memory/server/serverAllocator.hpp:66]: [<< Free]
[>> Free , slot.base=342785280, slot.size=2788464]
[1713217078.567054][/builder/omap/external_memory/server/serverAllocator.hpp:66]: [<< Free]
[>> Free , slot.base=318666864, slot.size=24118416]
[1713217078.567062][/builder/omap/external_memory/server/serverAllocator.hpp:66]: [<< Free]
[>> Free , slot.base=315878400, slot.size=2788464]
[1713217078.567086][/builder/omap/external_memory/server/serverAllocator.hpp:66]: [<< Free]
[>> Free , slot.base=399387504, slot.size=24118416]
[1713217078.567107][/builder/omap/external_memory/server/serverAllocator.hpp:66]: [<< Free]
[>> Free , slot.base=396599040, slot.size=2788464]
[1713217078.567116][/builder/omap/external_memory/server/serverAllocator.hpp:66]: [<< Free]
[>> Free , slot.base=372480624, slot.size=24118416]
[1713217078.567134][/builder/omap/external_memory/server/serverAllocator.hpp:66]: [<< Free]
[>> Free , slot.base=369692160, slot.size=2788464]
[1713217078.567142][/builder/omap/external_memory/server/serverAllocator.hpp:66]: [<< Free]
[>> Free , slot.base=453201264, slot.size=24118416]
[1713217078.567151][/builder/omap/external_memory/server/serverAllocator.hpp:66]: [<< Free]
[>> Free , slot.base=450412800, slot.size=2788464]
[1713217078.567158][/builder/omap/external_memory/server/serverAllocator.hpp:66]: [<< Free]
[>> Free , slot.base=426294384, slot.size=24118416]
[1713217078.567176][/builder/omap/external_memory/server/serverAllocator.hpp:66]: [<< Free]
[>> Free , slot.base=423505920, slot.size=2788464]
[1713217078.567183][/builder/omap/external_memory/server/serverAllocator.hpp:66]: [<< Free]
[>> Free , slot.base=507015024, slot.size=24118416]
[1713217078.567202][/builder/omap/external_memory/server/serverAllocator.hpp:66]: [<< Free]
[>> Free , slot.base=504226560, slot.size=2788464]
[1713217078.567212][/builder/omap/external_memory/server/serverAllocator.hpp:66]: [<< Free]
[>> Free , slot.base=480108144, slot.size=24118416]
[1713217078.567221][/builder/omap/external_memory/server/serverAllocator.hpp:66]: [<< Free]
[>> Free , slot.base=477319680, slot.size=2788464]
[1713217078.567229][/builder/omap/external_memory/server/serverAllocator.hpp:66]: [<< Free]
[>> Free , slot.base=560828784, slot.size=24118416]
[1713217078.567247][/builder/omap/external_memory/server/serverAllocator.hpp:66]: [<< Free]
[>> Free , slot.base=558040320, slot.size=2788464]
[1713217078.567257][/builder/omap/external_memory/server/serverAllocator.hpp:66]: [<< Free]
[>> Free , slot.base=533921904, slot.size=24118416]
[1713217078.567265][/builder/omap/external_memory/server/serverAllocator.hpp:66]: [<< Free]
[>> Free , slot.base=531133440, slot.size=2788464]
[1713217078.567272][/builder/omap/external_memory/server/serverAllocator.hpp:66]: [<< Free]
[>> Free , slot.base=614642544, slot.size=24118416]
[1713217078.567296][/builder/omap/external_memory/server/serverAllocator.hpp:66]: [<< Free]
[>> Free , slot.base=611854080, slot.size=2788464]
[1713217078.567315][/builder/omap/external_memory/server/serverAllocator.hpp:66]: [<< Free]
[>> Free , slot.base=587735664, slot.size=24118416]
[1713217078.567334][/builder/omap/external_memory/server/serverAllocator.hpp:66]: [<< Free]
[>> Free , slot.base=584947200, slot.size=2788464]
[1713217078.567357][/builder/omap/external_memory/server/serverAllocator.hpp:66]: [<< Free]
[>> Free , slot.base=668456304, slot.size=24118416]
[1713217078.567368][/builder/omap/external_memory/server/serverAllocator.hpp:66]: [<< Free]
[>> Free , slot.base=665667840, slot.size=2788464]
[1713217078.567376][/builder/omap/external_memory/server/serverAllocator.hpp:66]: [<< Free]
[>> Free , slot.base=641549424, slot.size=24118416]
[1713217078.567383][/builder/omap/external_memory/server/serverAllocator.hpp:66]: [<< Free]
[>> Free , slot.base=638760960, slot.size=2788464]
[1713217078.567391][/builder/omap/external_memory/server/serverAllocator.hpp:66]: [<< Free]
[>> Free , slot.base=722270064, slot.size=24118416]
[1713217078.567414][/builder/omap/external_memory/server/serverAllocator.hpp:66]: [<< Free]
[>> Free , slot.base=719481600, slot.size=2788464]
[1713217078.567425][/builder/omap/external_memory/server/serverAllocator.hpp:66]: [<< Free]
[>> Free , slot.base=695363184, slot.size=24118416]
[1713217078.567445][/builder/omap/external_memory/server/serverAllocator.hpp:66]: [<< Free]
[>> Free , slot.base=692574720, slot.size=2788464]
[1713217078.567454][/builder/omap/external_memory/server/serverAllocator.hpp:66]: [<< Free]
[>> Free , slot.base=776083824, slot.size=24118416]
[1713217078.567473][/builder/omap/external_memory/server/serverAllocator.hpp:66]: [<< Free]
[>> Free , slot.base=773295360, slot.size=2788464]
[1713217078.567481][/builder/omap/external_memory/server/serverAllocator.hpp:66]: [<< Free]
[>> Free , slot.base=749176944, slot.size=24118416]
[1713217078.567498][/builder/omap/external_memory/server/serverAllocator.hpp:66]: [<< Free]
[>> Free , slot.base=746388480, slot.size=2788464]
[1713217078.567506][/builder/omap/external_memory/server/serverAllocator.hpp:66]: [<< Free]
[>> Free , slot.base=829897584, slot.size=24118416]
[1713217078.567525][/builder/omap/external_memory/server/serverAllocator.hpp:66]: [<< Free]
[>> Free , slot.base=827109120, slot.size=2788464]
[1713217078.567533][/builder/omap/external_memory/server/serverAllocator.hpp:66]: [<< Free]
[>> Free , slot.base=802990704, slot.size=24118416]
[1713217078.567550][/builder/omap/external_memory/server/serverAllocator.hpp:66]: [<< Free]
[>> Free , slot.base=800202240, slot.size=2788464]
[1713217078.567557][/builder/omap/external_memory/server/serverAllocator.hpp:66]: [<< Free]
[>> Free , slot.base=883711344, slot.size=24118416]
[1713217078.567576][/builder/omap/external_memory/server/serverAllocator.hpp:66]: [<< Free]
[>> Free , slot.base=880922880, slot.size=2788464]
[1713217078.567585][/builder/omap/external_memory/server/serverAllocator.hpp:66]: [<< Free]
[>> Free , slot.base=856804464, slot.size=24118416]
[1713217078.567593][/builder/omap/external_memory/server/serverAllocator.hpp:66]: [<< Free]
[>> Free , slot.base=854016000, slot.size=2788464]
[1713217078.567609][/builder/omap/external_memory/server/serverAllocator.hpp:66]: [<< Free]
[>> Free , slot.base=937525104, slot.size=24118416]
[1713217078.567619][/builder/omap/external_memory/server/serverAllocator.hpp:66]: [<< Free]
[>> Free , slot.base=934736640, slot.size=2788464]
[1713217078.567636][/builder/omap/external_memory/server/serverAllocator.hpp:66]: [<< Free]
[>> Free , slot.base=910618224, slot.size=24118416]
[1713217078.567644][/builder/omap/external_memory/server/serverAllocator.hpp:66]: [<< Free]
[>> Free , slot.base=907829760, slot.size=2788464]
[1713217078.567661][/builder/omap/external_memory/server/serverAllocator.hpp:66]: [<< Free]
[>> Free , slot.base=991338864, slot.size=24118416]
[1713217078.567670][/builder/omap/external_memory/server/serverAllocator.hpp:66]: [<< Free]
[>> Free , slot.base=988550400, slot.size=2788464]
[1713217078.567687][/builder/omap/external_memory/server/serverAllocator.hpp:66]: [<< Free]
[>> Free , slot.base=964431984, slot.size=24118416]
[1713217078.567695][/builder/omap/external_memory/server/serverAllocator.hpp:66]: [<< Free]
[>> Free , slot.base=961643520, slot.size=2788464]
[1713217078.567712][/builder/omap/external_memory/server/serverAllocator.hpp:66]: [<< Free]
[>> Free , slot.base=1045152624, slot.size=24118416]
[1713217078.567721][/builder/omap/external_memory/server/serverAllocator.hpp:66]: [<< Free]
[>> Free , slot.base=1042364160, slot.size=2788464]
[1713217078.567737][/builder/omap/external_memory/server/serverAllocator.hpp:66]: [<< Free]
[>> Free , slot.base=1018245744, slot.size=24118416]
[1713217078.567746][/builder/omap/external_memory/server/serverAllocator.hpp:66]: [<< Free]
[>> Free , slot.base=1015457280, slot.size=2788464]
[1713217078.567762][/builder/omap/external_memory/server/serverAllocator.hpp:66]: [<< Free]
Test round 9
[>> Allocate , _size=23182464]
[1713217078.860752][/builder/omap/external_memory/server/serverAllocator.hpp:36]: [<< Allocate]
[>> Allocate , _size=23116928]
[1713217078.956616][/builder/omap/external_memory/server/serverAllocator.hpp:36]: [<< Allocate]
[>> Allocate , _size=23182464]
[1713217079.57841][/builder/omap/external_memory/server/serverAllocator.hpp:36]: [<< Allocate]
[>> Allocate , _size=23116928]
[1713217079.145298][/builder/omap/external_memory/server/serverAllocator.hpp:36]: [<< Allocate]
[>> Allocate , _size=23182464]
[1713217079.237141][/builder/omap/external_memory/server/serverAllocator.hpp:36]: [<< Allocate]
[>> Allocate , _size=23116928]
[1713217079.332149][/builder/omap/external_memory/server/serverAllocator.hpp:36]: [<< Allocate]
[>> Allocate , _size=23182464]
[1713217079.421591][/builder/omap/external_memory/server/serverAllocator.hpp:36]: [<< Allocate]
[>> Allocate , _size=23116928]
[1713217079.510002][/builder/omap/external_memory/server/serverAllocator.hpp:36]: [<< Allocate]
[>> Allocate , _size=25677008]
[1713217085.403929][/builder/omap/external_memory/server/serverAllocator.hpp:36]: [<< Allocate]
[>> Allocate , _size=25677008]
[1713217085.439702][/builder/omap/external_memory/server/serverAllocator.hpp:36]: [<< Allocate]
[>> Allocate , _size=25677008]
[1713217085.861741][/builder/omap/external_memory/server/serverAllocator.hpp:36]: [<< Allocate]
[>> Allocate , _size=25677008]
[1713217086.719534][/builder/omap/external_memory/server/serverAllocator.hpp:36]: [<< Allocate]
[>> Allocate , _size=25677008]
[1713217087.350776][/builder/omap/external_memory/server/serverAllocator.hpp:36]: [<< Allocate]
[>> Allocate , _size=25677008]
[1713217087.669570][/builder/omap/external_memory/server/serverAllocator.hpp:36]: [<< Allocate]
[>> Allocate , _size=25677008]
[1713217088.129510][/builder/omap/external_memory/server/serverAllocator.hpp:36]: [<< Allocate]
[>> Allocate , _size=25677008]
[1713217088.675971][/builder/omap/external_memory/server/serverAllocator.hpp:36]: [<< Allocate]
[>> Free , slot.base=115781248, slot.size=23116928]
[1713217102.630230][/builder/omap/external_memory/server/serverAllocator.hpp:66]: [<< Free]
[>> Free , slot.base=92598784, slot.size=23182464]
[1713217102.630245][/builder/omap/external_memory/server/serverAllocator.hpp:66]: [<< Free]
[>> Free , slot.base=69481856, slot.size=23116928]
[1713217102.805048][/builder/omap/external_memory/server/serverAllocator.hpp:66]: [<< Free]
[>> Free , slot.base=46299392, slot.size=23182464]
[1713217102.805064][/builder/omap/external_memory/server/serverAllocator.hpp:66]: [<< Free]
[>> Free , slot.base=23182464, slot.size=23116928]
[1713217102.838082][/builder/omap/external_memory/server/serverAllocator.hpp:66]: [<< Free]
[>> Free , slot.base=0, slot.size=23182464]
[1713217102.838098][/builder/omap/external_memory/server/serverAllocator.hpp:66]: [<< Free]
[>> Free , slot.base=162080640, slot.size=23116928]
[1713217102.867709][/builder/omap/external_memory/server/serverAllocator.hpp:66]: [<< Free]
[>> Free , slot.base=138898176, slot.size=23182464]
[1713217102.867724][/builder/omap/external_memory/server/serverAllocator.hpp:66]: [<< Free]
[>> Free , slot.base=210874576, slot.size=25677008]
[1713217110.670784][/builder/omap/external_memory/server/serverAllocator.hpp:66]: [<< Free]
[>> Free , slot.base=185197568, slot.size=25677008]
[1713217110.673201][/builder/omap/external_memory/server/serverAllocator.hpp:66]: [<< Free]
[>> Free , slot.base=262228592, slot.size=25677008]
[1713217110.676200][/builder/omap/external_memory/server/serverAllocator.hpp:66]: [<< Free]
[>> Free , slot.base=236551584, slot.size=25677008]
[1713217110.679391][/builder/omap/external_memory/server/serverAllocator.hpp:66]: [<< Free]
[>> Free , slot.base=313582608, slot.size=25677008]
[1713217110.682600][/builder/omap/external_memory/server/serverAllocator.hpp:66]: [<< Free]
[>> Free , slot.base=287905600, slot.size=25677008]
[1713217110.685241][/builder/omap/external_memory/server/serverAllocator.hpp:66]: [<< Free]
[>> Free , slot.base=364936624, slot.size=25677008]
[1713217110.688837][/builder/omap/external_memory/server/serverAllocator.hpp:66]: [<< Free]
[>> Free , slot.base=339259616, slot.size=25677008]
[1713217110.692765][/builder/omap/external_memory/server/serverAllocator.hpp:66]: [<< Free]
[       OK ] ParOMap.MixedLarge (382581 ms)
[----------] 1 test from ParOMap (382582 ms total)

[----------] Global test environment tear-down
[==========] 1 test from 1 test suite ran. (382582 ms total)
[  PASSED  ] 1 test.
TimeTracker::Log:
<end of output>
Test time = 382.62 sec
----------------------------------------------------------
Test Passed.
"ParOMap.MixedLarge" end time: Apr 15 22:38 WEST
"ParOMap.MixedLarge" time elapsed: 00:06:22
----------------------------------------------------------

End testing: Apr 15 22:38 WEST
